
   HANDE

 ================================================================
 Compiled on Jan 31 2016 at 12:45:15
 Compiled using cx1.(optimised)
 VCS BASE repository version:
     790c756dc82071bb0797ec17a383ee93d5e773ce
 Hostname:
     cx1-9-1-1.cx1.hpc.ic.ac.uk
 Working directory: 
     /export131/home/jspencer/tutorials/calcs/fciqmc
 Started running on 31/01/2016 at 18:51:49
 Calculation UUID: 8cbe78ea-cfe5-4003-9401-3661a604e3c2.
 Preprocessor settings:
     DISABLE_HDF5 not defined.  HDF5 enabled.
     DISABLE_LANCZOS not defined.  Lanczos enabled.
     DISABLE_UUID not defined.  UUID enabled.
     PARALLEL defined.  MPI parallelization enabled.
     SINGLE_PRECISION not defined.  Double precision used throughout.
     USE_POPCNT defined.  Fortran 2003 POPCNT procedure used.
     DET_SIZE = 32.
     POP_SIZE = 32.
 ================================================================

 Number of MPI processes running on: 32
 Running with 1 thread per MPI process.

 Input options
 -------------

hubbard = hubbard_k {
    lattice = {
        { 3,  3 },
        { 3, -3 },
    },
    electrons = 18,
    ms = 0,
    U = 1.3,
    t = 1,
    sym = 1,
}

fciqmc {
    sys = hubbard,
    qmc = {
        tau = 0.002,
        mc_cycles = 20,
        nreports = 500,
        init_pop = 100,
        target_population = 10^10,
        state_size = -1000,
        spawned_state_size = -100,
    },
}

 -------------

 Basis functions
 ---------------

 Spin given in units of 1/2.
 k-points given in terms of the reciprocal lattice vectors of the crystal cell.

 index   k-point        ms     <i|h|i>
     1   (  0,  0)      1     -4.00000000
     2   (  0,  0)     -1     -4.00000000
     3   (  0, -1)      1     -2.00000000
     4   (  0, -1)     -1     -2.00000000
     5   ( -1,  0)      1     -2.00000000
     6   ( -1,  0)     -1     -2.00000000
     7   (  1,  0)      1     -2.00000000
     8   (  1,  0)     -1     -2.00000000
     9   (  0,  1)      1     -2.00000000
    10   (  0,  1)     -1     -2.00000000
    11   ( -1, -1)      1     -1.00000000
    12   ( -1, -1)     -1     -1.00000000
    13   (  1, -1)      1     -1.00000000
    14   (  1, -1)     -1     -1.00000000
    15   ( -1,  1)      1     -1.00000000
    16   ( -1,  1)     -1     -1.00000000
    17   (  1,  1)      1     -1.00000000
    18   (  1,  1)     -1     -1.00000000
    19   (  1, -2)      1      1.00000000
    20   (  1, -2)     -1      1.00000000
    21   (  2, -1)      1      1.00000000
    22   (  2, -1)     -1      1.00000000
    23   (  2,  1)      1      1.00000000
    24   (  2,  1)     -1      1.00000000
    25   (  1,  2)      1      1.00000000
    26   (  1,  2)     -1      1.00000000
    27   (  0, -2)      1      2.00000000
    28   (  0, -2)     -1      2.00000000
    29   ( -2,  0)      1      2.00000000
    30   ( -2,  0)     -1      2.00000000
    31   (  2,  0)      1      2.00000000
    32   (  2,  0)     -1      2.00000000
    33   (  0,  2)      1      2.00000000
    34   (  0,  2)     -1      2.00000000
    35   (  3,  0)      1      4.00000000
    36   (  3,  0)     -1      4.00000000

 Number of electrons: 18
 Number of basis functions: 36

 Bit-length of integers used to store determinant bit-strings: 32
 Number of integers used to store determinant bit-strings: 2

 Symmetry information
 --------------------

 The table below gives the label and inverse of each wavevector.

 Index    k-point      Inverse
   1      (  0,  0)        1
   2      (  0, -1)        5
   3      ( -1,  0)        4
   4      (  1,  0)        3
   5      (  0,  1)        2
   6      ( -1, -1)        9
   7      (  1, -1)        8
   8      ( -1,  1)        7
   9      (  1,  1)        6
  10      (  1, -2)       11
  11      (  2, -1)       10
  12      (  2,  1)       13
  13      (  1,  2)       12
  14      (  0, -2)       17
  15      ( -2,  0)       16
  16      (  2,  0)       15
  17      (  0,  2)       14
  18      (  3,  0)       18

 The matrix below gives the result of k_i+k_j to within a reciprocal lattice vector.

   1   2   3   4   5   6   7   8   9  10  11  12  13  14  15  16  17  18
   2  14   6   7   1  12  10   3   4  15   8  16   9  18  13  11   5  17
   3   6  15   1   8  13   2  10   5  14   7   9  17  12  18   4  11  16
   4   7   1  16   9   2  11   5  12   8  17  14   6  10   3  18  13  15
   5   1   8   9  17   3   4  11  13   7  16   6  15   2  10  12  18  14
   6  12  13   2   3   9  14  15   1  18  10   4   5  16  17   7   8  11
   7  10   2  11   4  14   8   1  16   3   5  18  12  15   6  17   9  13
   8   3  10   5  11  15   1   7  17   2   4  13  18   6  14   9  16  12
   9   4   5  12  13   1  16  17   6  11  18   2   3   7   8  14  15  10
  10  15  14   8   7  18   3   2  11   6   1  17  16  13  12   5   4   9
  11   8   7  17  16  10   5   4  18   1   9  15  14   3   2  13  12   6
  12  16   9  14   6   4  18  13   2  17  15   7   1  11   5  10   3   8
  13   9  17   6  15   5  12  18   3  16  14   1   8   4  11   2  10   7
  14  18  12  10   2  16  15   6   7  13   3  11   4  17   9   8   1   5
  15  13  18   3  10  17   6  14   8  12   2   5  11   9  16   1   7   4
  16  11   4  18  12   7  17   9  14   5  13  10   2   8   1  15   6   3
  17   5  11  13  18   8   9  16  15   4  12   3  10   1   7   6  14   2
  18  17  16  15  14  11  13  12  10   9   6   8   7   5   4   3   2   1

 FCIQMC
 ------

 Memory allocated per core for main walker list (MB): 1000.00
 Number of elements per core in main walker list: 41666666
 Memory allocated per core for spawned walker lists (MB):  100.00
 Number of elements per core in spawned walker list: 4166666

 spawned_walker_length is not a multiple of the number of processors.
 Increasing spawned_walker_length to 4166688.

 -- Start JSON block --
 {
     "system": {
         "nbasis": 36,   
         "nel": 18,   
         "nvirt": 18,   
         "Ms": 0,   
         "nalpha": 9,   
         "nbeta": 9,   
         "nvirt_alpha": 9,   
         "nvirt_beta": 9,   
         "nsym": 18,   
         "sym0": 1,   
         "sym_max": 18,   
         "nsym_tot": 18,   
         "sym0_tot": 1,   
         "sym_max_tot": 18,   
         "symmetry": 1,   
         "max_number_excitations": 18,   
         "chem_pot":  "nan",   
         "lattice": {
             "ndim": 2,   
             "nsites": 18,   
             "lattice": [[ 3, 3],[ 3, -3]]
         },
         "hubbard": {
             "U": 1.30000000,   
             "t": 1.00000000,   
             "ktwist": [0.00000000,0.00000000]
         }
     },
     "qmc": {
         "rng_seed": 1255111595,   
         "real_amplitudes": false,   
         "real_amplitude_force_32": false,   
         "spawn_cutoff": 0.01000000,   
         "excit_gen": 0,   
         "pattempt_single": 0.00000000,   
         "pattempt_double": 1.00000000,   
         "tau": 0.00200000,   
         "tau_search": false,   
         "vary_shift_from": 0.00000000,   
         "vary_shift_from_proje": false,   
         "initial_shift": 0.00000000,   
         "shift_damping": 0.05000000,   
         "walker_length": -1000,   
         "spawned_walker_length": -100,   
         "D0_population": 100.00000000,   
         "target_particles": 10000000000.00000000,   
         "initiator_approx": false,   
         "initiator_pop": 3.00000000,   
         "ncycles": 20,   
         "nreport": 500,   
         "use_mpi_barriers": false    
     },
     "fciqmc": {
         "select_ref_det_every_nreports": 2147483647,   
         "init_spin_inv_D0": false,   
         "ref_det_factor": 1.50000000,   
         "non_blocking_comm": false,   
         "doing_load_balancing": false,   
         "trial_function": 0,   
         "guiding_function": 0    
     },
     "semi_stoch": {
         "start_iter": 1,   
         "shift_iter": -1,   
         "space_type": 0,   
         "target_size": 0,   
         "write_determ_space": false,   
         "projection_mode": 0,   
         "read_id": 2147483647,   
         "write_id": 2147483647    
     },
     "restart": {
         "read_restart": false,   
         "read_id": 2147483647,   
         "write_restart": false,   
         "write_id": 2147483647,   
         "write_freq": 2147483647,   
         "write_restart_shift": false,   
         "write_shift_id": 2147483647    
     },
     "load balancing": {
         "nslots": 1,   
         "pop": 1000,   
         "percent": 0.05000000,   
         "max_attempts": 2,   
         "write_info": false    
     },
     "reference": {
         "det": [ 1, 3, 5, 7, 9, 11, 13, 15, 17, 2, 4, 6, 8, 10, 12, 14, 16, 18],
         "det_ms": 0,   
         "det_symmetry": 1,   
         "hilbert_space_det": [ 1, 3, 5, 7, 9, 11, 13, 15, 17, 2, 4, 6, 8, 10, 12, 14, 16, 18],
         "hilbert_space_det_ms": 0,   
         "hilbert_space_det_symmetry": 1,   
         "ex_level": 18,   
         "H00": -26.15000000,   
         "shift": 0.00000000    
     }
 }
 -- End JSON block --

 Information printed out every QMC report loop:

 Shift: the energy offset calculated at the end of the report loop.
 H_0j: <D_0|H|D_j>, Hamiltonian matrix element.
 N_j: population of Hamiltonian particles on determinant D_j.
 # H psips: current total population of Hamiltonian particles.
 # states: number of many-particle states occupied.
 # spawn_events: number of successful spawning events across all processors.
 R_spawn: average rate of spawning across all processors.
 time: average time per Monte Carlo cycle.

 Note that all particle populations are averaged over the report loop.

 # iterations   Shift              \sum H_0j N_j      N_0                  # H psips           # states  # spawn_events  R_spawn   time
 #          0   0.0000000000E+00   0.0000000000E+00   1.0000000000E+02     1.0000000000E+02           1               0   0.0000   0.000
           20   0.0000000000E+00  -3.9794444444E+00   1.0000000000E+02     2.9600000000E+02         181              14   0.0275   0.002
           40   0.0000000000E+00  -1.1100555556E+01   1.0000000000E+02     6.0300000000E+02         461              33   0.0348   0.001
           60   0.0000000000E+00  -1.5953888889E+01   1.0000000000E+02     1.1570000000E+03         984              63   0.0414   0.002
           80   0.0000000000E+00  -2.0590555556E+01   1.0025000000E+02     2.1150000000E+03        1913             112   0.0434   0.002
          100   0.0000000000E+00  -2.4541111111E+01   1.0100000000E+02     3.3110000000E+03        3068             200   0.0448   0.001
          120   0.0000000000E+00  -2.6971388889E+01   1.0100000000E+02     5.0400000000E+03        4792             293   0.0454   0.001
          140   0.0000000000E+00  -2.8809444444E+01   1.0205000000E+02     7.2600000000E+03        6988             417   0.0472   0.001
          160   0.0000000000E+00  -3.0333333333E+01   1.0300000000E+02     1.0180000000E+04        9873             594   0.0481   0.001
          180   0.0000000000E+00  -3.1647777778E+01   1.0420000000E+02     1.3471000000E+04       13134             764   0.0485   0.001
          200   0.0000000000E+00  -3.1640555556E+01   1.0520000000E+02     1.7568000000E+04       17237             918   0.0493   0.001
          220   0.0000000000E+00  -3.0510277778E+01   1.0665000000E+02     2.2017000000E+04       21669            1161   0.0500   0.001
          240   0.0000000000E+00  -3.0355000000E+01   1.0700000000E+02     2.7025000000E+04       26656            1534   0.0502   0.001
          260   0.0000000000E+00  -3.2243611111E+01   1.0700000000E+02     3.2958000000E+04       32544            1785   0.0501   0.001
          280   0.0000000000E+00  -3.2821388889E+01   1.0770000000E+02     4.0245000000E+04       39826            2251   0.0512   0.001
          300   0.0000000000E+00  -3.3966111111E+01   1.0845000000E+02     4.8082000000E+04       47609            2660   0.0514   0.001
          320   0.0000000000E+00  -3.4352500000E+01   1.1000000000E+02     5.6684000000E+04       56217            3144   0.0520   0.002
          340   0.0000000000E+00  -3.5616388889E+01   1.1000000000E+02     6.7043000000E+04       66530            3724   0.0519   0.002
          360   0.0000000000E+00  -3.7136666667E+01   1.1225000000E+02     7.8221000000E+04       77634            4394   0.0519   0.002
          380   0.0000000000E+00  -3.6920000000E+01   1.1560000000E+02     9.0354000000E+04       89745            4944   0.0522   0.002
          400   0.0000000000E+00  -3.7089722222E+01   1.1730000000E+02     1.0311500000E+05      102459            5719   0.0522   0.002
          420   0.0000000000E+00  -3.7656666667E+01   1.2065000000E+02     1.1780000000E+05      117091            6510   0.0524   0.003
          440   0.0000000000E+00  -3.8097222222E+01   1.2250000000E+02     1.3357500000E+05      132779            7269   0.0525   0.003
          460   0.0000000000E+00  -3.7999722222E+01   1.2630000000E+02     1.5042800000E+05      149606            8437   0.0528   0.003
          480   0.0000000000E+00  -3.9191388889E+01   1.2870000000E+02     1.6864800000E+05      167706            9226   0.0527   0.003
          500   0.0000000000E+00  -4.1220833333E+01   1.3055000000E+02     1.8904200000E+05      187994           10501   0.0529   0.004
          520   0.0000000000E+00  -4.1675833333E+01   1.3100000000E+02     2.1019000000E+05      209043           11663   0.0530   0.004
          540   0.0000000000E+00  -4.4373333333E+01   1.3125000000E+02     2.3366300000E+05      232349           12992   0.0530   0.005
          560   0.0000000000E+00  -4.5243611111E+01   1.3280000000E+02     2.5938500000E+05      258004           14373   0.0530   0.005
          580   0.0000000000E+00  -4.4954722222E+01   1.3385000000E+02     2.8638600000E+05      284852           15890   0.0531   0.006
          600   0.0000000000E+00  -4.5171388889E+01   1.3580000000E+02     3.1680100000E+05      315112           17750   0.0534   0.006
          620   0.0000000000E+00  -4.6579722222E+01   1.3865000000E+02     3.4927200000E+05      347408           19259   0.0532   0.007
          640   0.0000000000E+00  -4.6388333333E+01   1.4030000000E+02     3.8322100000E+05      381124           21114   0.0533   0.007
          660   0.0000000000E+00  -4.7143055556E+01   1.4150000000E+02     4.1758600000E+05      415211           23171   0.0533   0.008
          680   0.0000000000E+00  -4.7894166667E+01   1.4200000000E+02     4.5432500000E+05      451785           25204   0.0534   0.008
          700   0.0000000000E+00  -4.7630555556E+01   1.4405000000E+02     4.9500800000E+05      492116           27647   0.0534   0.009
          720   0.0000000000E+00  -4.8464722222E+01   1.4700000000E+02     5.3989500000E+05      536693           29935   0.0534   0.010
          740   0.0000000000E+00  -5.0783055556E+01   1.4955000000E+02     5.8421300000E+05      580638           32817   0.0535   0.010
          760   0.0000000000E+00  -5.2863055556E+01   1.5080000000E+02     6.2999200000E+05      626105           34733   0.0535   0.011
          780   0.0000000000E+00  -5.2993055556E+01   1.5465000000E+02     6.7896400000E+05      674587           37825   0.0535   0.012
          800   0.0000000000E+00  -5.0627777778E+01   1.5720000000E+02     7.3024200000E+05      725515           40508   0.0536   0.013
          820   0.0000000000E+00  -4.9761111111E+01   1.6065000000E+02     7.8433800000E+05      779227           43555   0.0537   0.014
          840   0.0000000000E+00  -5.0111388889E+01   1.6185000000E+02     8.3882700000E+05      833055           46714   0.0537   0.015
          860   0.0000000000E+00  -4.9681666667E+01   1.6435000000E+02     8.9318900000E+05      887052           49491   0.0537   0.016
          880   0.0000000000E+00  -4.9995833333E+01   1.6545000000E+02     9.5275900000E+05      945762           52983   0.0539   0.017
          900   0.0000000000E+00  -5.4256944444E+01   1.6725000000E+02     1.0139250000E+06     1006409           56646   0.0538   0.018
          920   0.0000000000E+00  -5.5827777778E+01   1.6965000000E+02     1.0766830000E+06     1068502           59646   0.0538   0.019
          940   0.0000000000E+00  -5.6647500000E+01   1.7130000000E+02     1.1408040000E+06     1131822           63655   0.0539   0.020
          960   0.0000000000E+00  -5.6965277778E+01   1.7360000000E+02     1.2033140000E+06     1193442           67034   0.0539   0.021
          980   0.0000000000E+00  -5.9034444444E+01   1.7740000000E+02     1.2726000000E+06     1261760           70893   0.0539   0.022
         1000   0.0000000000E+00  -6.0164722222E+01   1.8000000000E+02     1.3375680000E+06     1325860           74334   0.0540   0.023
         1020   0.0000000000E+00  -6.0626944444E+01   1.8115000000E+02     1.4055480000E+06     1392860           77980   0.0540   0.024
         1040   0.0000000000E+00  -6.0186388889E+01   1.8370000000E+02     1.4681520000E+06     1454687           81745   0.0540   0.025
         1060   0.0000000000E+00  -6.0666666667E+01   1.8520000000E+02     1.5374090000E+06     1522856           86028   0.0540   0.026
         1080   0.0000000000E+00  -6.1887222222E+01   1.8995000000E+02     1.6032710000E+06     1587532           89590   0.0540   0.028
         1100   0.0000000000E+00  -6.2136388889E+01   1.9600000000E+02     1.6708490000E+06     1654130           92940   0.0540   0.029
         1120   0.0000000000E+00  -6.2829722222E+01   2.0065000000E+02     1.7395280000E+06     1721997           96931   0.0541   0.030
         1140   0.0000000000E+00  -6.3775833333E+01   2.0305000000E+02     1.8083530000E+06     1789512          100884   0.0541   0.032
         1160   0.0000000000E+00  -6.6892222222E+01   2.0715000000E+02     1.8750430000E+06     1855034          104508   0.0542   0.033
         1180   0.0000000000E+00  -6.8517222222E+01   2.0970000000E+02     1.9400370000E+06     1918871          107733   0.0542   0.034
         1200   0.0000000000E+00  -7.1615555556E+01   2.1520000000E+02     2.0068200000E+06     1984337          111533   0.0541   0.035
         1220   0.0000000000E+00  -7.2070555556E+01   2.1850000000E+02     2.0713580000E+06     2047806          116071   0.0542   0.036
         1240   0.0000000000E+00  -7.0889722222E+01   2.2085000000E+02     2.1304440000E+06     2105627          118842   0.0542   0.037
         1260   0.0000000000E+00  -7.2074166667E+01   2.2315000000E+02     2.1892160000E+06     2163497          121978   0.0543   0.038
         1280   0.0000000000E+00  -7.5006388889E+01   2.2590000000E+02     2.2443870000E+06     2217391          125173   0.0543   0.040
         1300   0.0000000000E+00  -7.6671111111E+01   2.2920000000E+02     2.2986950000E+06     2270668          127990   0.0543   0.040
         1320   0.0000000000E+00  -7.6472500000E+01   2.3435000000E+02     2.3525020000E+06     2323533          131039   0.0543   0.041
         1340   0.0000000000E+00  -7.7021388889E+01   2.3890000000E+02     2.4032090000E+06     2373250          134081   0.0544   0.042
         1360   0.0000000000E+00  -7.7916944444E+01   2.4275000000E+02     2.4566400000E+06     2425589          137197   0.0544   0.043
         1380   0.0000000000E+00  -7.8538055556E+01   2.4625000000E+02     2.5056290000E+06     2473441          139920   0.0544   0.044
         1400   0.0000000000E+00  -8.1163333333E+01   2.4775000000E+02     2.5539000000E+06     2520293          142190   0.0543   0.045
         1420   0.0000000000E+00  -8.1210277778E+01   2.5200000000E+02     2.5981330000E+06     2563625          144211   0.0544   0.046
         1440   0.0000000000E+00  -8.0838333333E+01   2.5620000000E+02     2.6401660000E+06     2605090          146773   0.0544   0.046
         1460   0.0000000000E+00  -8.0498888889E+01   2.5900000000E+02     2.6801620000E+06     2644048          149155   0.0544   0.047
         1480   0.0000000000E+00  -8.1777222222E+01   2.6255000000E+02     2.7194220000E+06     2682720          151756   0.0544   0.048
         1500   0.0000000000E+00  -8.5565277778E+01   2.6700000000E+02     2.7554190000E+06     2717826          153245   0.0544   0.048
         1520   0.0000000000E+00  -8.7258888889E+01   2.7085000000E+02     2.7891720000E+06     2751075          155790   0.0544   0.050
         1540   0.0000000000E+00  -8.6843611111E+01   2.7420000000E+02     2.8237400000E+06     2784635          157569   0.0545   0.050
         1560   0.0000000000E+00  -8.7858333333E+01   2.8020000000E+02     2.8555580000E+06     2815714          159526   0.0545   0.050
         1580   0.0000000000E+00  -8.6879722222E+01   2.8600000000E+02     2.8838240000E+06     2843084          160841   0.0545   0.051
         1600   0.0000000000E+00  -9.1451388889E+01   2.9005000000E+02     2.9109640000E+06     2869486          162221   0.0545   0.051
         1620   0.0000000000E+00  -9.8283611111E+01   2.9420000000E+02     2.9401700000E+06     2897942          164094   0.0545   0.052
         1640   0.0000000000E+00  -1.0269277778E+02   2.9680000000E+02     2.9668770000E+06     2923819          165793   0.0545   0.052
         1660   0.0000000000E+00  -1.0293111111E+02   3.0265000000E+02     2.9952130000E+06     2951463          167845   0.0545   0.053
         1680   0.0000000000E+00  -1.0236055556E+02   3.0765000000E+02     3.0238970000E+06     2979097          168590   0.0545   0.053
         1700   0.0000000000E+00  -1.0281916667E+02   3.1130000000E+02     3.0413220000E+06     2996256          169821   0.0545   0.057
         1720   0.0000000000E+00  -1.0267833333E+02   3.1270000000E+02     3.0616680000E+06     3016697          170796   0.0545   0.054
         1740   0.0000000000E+00  -1.0438638889E+02   3.1690000000E+02     3.0821810000E+06     3036150          171380   0.0545   0.054
         1760   0.0000000000E+00  -1.0790000000E+02   3.1915000000E+02     3.1017320000E+06     3055610          173605   0.0545   0.054
         1780   0.0000000000E+00  -1.0924333333E+02   3.2440000000E+02     3.1209700000E+06     3074065          173512   0.0545   0.055
         1800   0.0000000000E+00  -1.1142444444E+02   3.3100000000E+02     3.1408500000E+06     3093415          175318   0.0545   0.055
         1820   0.0000000000E+00  -1.1285805556E+02   3.3760000000E+02     3.1580930000E+06     3110031          175926   0.0545   0.055
         1840   0.0000000000E+00  -1.1334194444E+02   3.4470000000E+02     3.1698470000E+06     3121500          177051   0.0545   0.056
         1860   0.0000000000E+00  -1.1275333333E+02   3.4865000000E+02     3.1822750000E+06     3134129          177436   0.0545   0.056
         1880   0.0000000000E+00  -1.1127277778E+02   3.5350000000E+02     3.1985340000E+06     3149770          178559   0.0545   0.057
         1900   0.0000000000E+00  -1.1305666667E+02   3.6230000000E+02     3.2087320000E+06     3159602          177895   0.0545   0.057
         1920   0.0000000000E+00  -1.1765000000E+02   3.6435000000E+02     3.2209770000E+06     3171093          179580   0.0545   0.057
         1940   0.0000000000E+00  -1.1980222222E+02   3.6840000000E+02     3.2318790000E+06     3181858          180463   0.0545   0.057
         1960   0.0000000000E+00  -1.2316055556E+02   3.7190000000E+02     3.2439470000E+06     3193940          181024   0.0545   0.057
         1980   0.0000000000E+00  -1.2420055556E+02   3.7835000000E+02     3.2537230000E+06     3203181          181590   0.0545   0.057
         2000   0.0000000000E+00  -1.2486138889E+02   3.8240000000E+02     3.2583630000E+06     3206974          181505   0.0545   0.057
         2020   0.0000000000E+00  -1.2476750000E+02   3.8500000000E+02     3.2678080000E+06     3217011          182127   0.0545   0.058
         2040   0.0000000000E+00  -1.2277777778E+02   3.8920000000E+02     3.2747340000E+06     3223770          182682   0.0545   0.058
         2060   0.0000000000E+00  -1.2599888889E+02   3.9575000000E+02     3.2844960000E+06     3233169          183181   0.0545   0.058
         2080   0.0000000000E+00  -1.2892750000E+02   4.0075000000E+02     3.2916100000E+06     3240185          183959   0.0546   0.058
         2100   0.0000000000E+00  -1.3205833333E+02   4.0475000000E+02     3.2978120000E+06     3245847          184519   0.0546   0.058
         2120   0.0000000000E+00  -1.3575972222E+02   4.0850000000E+02     3.3057610000E+06     3253485          184350   0.0546   0.058
         2140   0.0000000000E+00  -1.3733055556E+02   4.1445000000E+02     3.3103700000E+06     3258161          183911   0.0545   0.058
         2160   0.0000000000E+00  -1.3894833333E+02   4.2410000000E+02     3.3160690000E+06     3263700          185389   0.0546   0.058
         2180   0.0000000000E+00  -1.3995944444E+02   4.2735000000E+02     3.3234190000E+06     3270620          185621   0.0545   0.058
         2200   0.0000000000E+00  -1.4377277778E+02   4.3485000000E+02     3.3286890000E+06     3276015          185871   0.0546   0.059
         2220   0.0000000000E+00  -1.4414111111E+02   4.4165000000E+02     3.3312790000E+06     3278054          185865   0.0546   0.059
         2240   0.0000000000E+00  -1.4619944444E+02   4.4700000000E+02     3.3442440000E+06     3290807          187326   0.0546   0.059
         2260   0.0000000000E+00  -1.4684222222E+02   4.5345000000E+02     3.3501640000E+06     3296527          187344   0.0546   0.059
         2280   0.0000000000E+00  -1.4928333333E+02   4.5740000000E+02     3.3538200000E+06     3299911          187096   0.0546   0.059
         2300   0.0000000000E+00  -1.5030527778E+02   4.6625000000E+02     3.3600230000E+06     3305996          187728   0.0545   0.059
         2320   0.0000000000E+00  -1.5331333333E+02   4.6990000000E+02     3.3661950000E+06     3311771          188131   0.0546   0.059
         2340   0.0000000000E+00  -1.5427750000E+02   4.7560000000E+02     3.3707190000E+06     3316227          187379   0.0545   0.059
         2360   0.0000000000E+00  -1.5681611111E+02   4.8025000000E+02     3.3701740000E+06     3315563          188105   0.0545   0.060
         2380   0.0000000000E+00  -1.6050666667E+02   4.8645000000E+02     3.3713310000E+06     3316715          188047   0.0546   0.059
         2400   0.0000000000E+00  -1.6329083333E+02   4.9315000000E+02     3.3706620000E+06     3316101          188001   0.0546   0.059
         2420   0.0000000000E+00  -1.6517583333E+02   4.9690000000E+02     3.3719060000E+06     3317334          188522   0.0545   0.059
         2440   0.0000000000E+00  -1.6854861111E+02   4.9960000000E+02     3.3761960000E+06     3321720          188318   0.0546   0.059
         2460   0.0000000000E+00  -1.6713305556E+02   5.0435000000E+02     3.3771640000E+06     3322301          188236   0.0546   0.059
         2480   0.0000000000E+00  -1.6842944444E+02   5.1310000000E+02     3.3725360000E+06     3318352          188450   0.0546   0.059
         2500   0.0000000000E+00  -1.6925638889E+02   5.2310000000E+02     3.3722880000E+06     3317735          187827   0.0546   0.059
         2520   0.0000000000E+00  -1.6994972222E+02   5.2990000000E+02     3.3755040000E+06     3320897          188042   0.0546   0.059
         2540   0.0000000000E+00  -1.7085972222E+02   5.3300000000E+02     3.3742180000E+06     3319621          187930   0.0545   0.059
         2560   0.0000000000E+00  -1.7579611111E+02   5.3920000000E+02     3.3800690000E+06     3325320          189167   0.0546   0.060
         2580   0.0000000000E+00  -1.7916888889E+02   5.4275000000E+02     3.3808410000E+06     3325941          188237   0.0546   0.060
         2600   0.0000000000E+00  -1.8146194444E+02   5.4975000000E+02     3.3776130000E+06     3323088          187835   0.0546   0.059
         2620   0.0000000000E+00  -1.8349500000E+02   5.5220000000E+02     3.3767520000E+06     3322001          187403   0.0546   0.059
         2640   0.0000000000E+00  -1.8443388889E+02   5.5665000000E+02     3.3804160000E+06     3325494          189761   0.0545   0.059
         2660   0.0000000000E+00  -1.8943166667E+02   5.6780000000E+02     3.3825880000E+06     3327230          188419   0.0545   0.060
         2680   0.0000000000E+00  -1.9485555556E+02   5.7980000000E+02     3.3848630000E+06     3328925          188554   0.0545   0.060
         2700   0.0000000000E+00  -1.9938027778E+02   5.8780000000E+02     3.3851260000E+06     3329547          188386   0.0546   0.060
         2720   0.0000000000E+00  -2.0078500000E+02   5.9810000000E+02     3.3868680000E+06     3330533          189485   0.0545   0.061
         2740   0.0000000000E+00  -2.0228361111E+02   6.0315000000E+02     3.3893470000E+06     3333503          188631   0.0546   0.060
         2760   0.0000000000E+00  -2.0368833333E+02   6.0955000000E+02     3.3897940000E+06     3333820          188672   0.0546   0.060
         2780   0.0000000000E+00  -2.0204888889E+02   6.2015000000E+02     3.3889090000E+06     3332605          189063   0.0546   0.060
         2800   0.0000000000E+00  -2.0174194444E+02   6.2505000000E+02     3.3942770000E+06     3338226          189615   0.0545   0.060
         2820   0.0000000000E+00  -2.0233055556E+02   6.3255000000E+02     3.3945440000E+06     3338266          189236   0.0545   0.060
         2840   0.0000000000E+00  -2.0532777778E+02   6.4290000000E+02     3.3936840000E+06     3337448          189899   0.0546   0.060
         2860   0.0000000000E+00  -2.1069027778E+02   6.4655000000E+02     3.3987590000E+06     3342841          189881   0.0545   0.060
         2880   0.0000000000E+00  -2.0944805556E+02   6.5640000000E+02     3.4000100000E+06     3343303          190125   0.0546   0.060
         2900   0.0000000000E+00  -2.1079861111E+02   6.6045000000E+02     3.4016840000E+06     3345165          189951   0.0546   0.061
         2920   0.0000000000E+00  -2.1658361111E+02   6.7330000000E+02     3.4047510000E+06     3348220          190111   0.0545   0.060
         2940   0.0000000000E+00  -2.2135750000E+02   6.8475000000E+02     3.4024670000E+06     3345716          189291   0.0545   0.060
         2960   0.0000000000E+00  -2.2581361111E+02   6.9440000000E+02     3.4048130000E+06     3347472          189923   0.0546   0.060
         2980   0.0000000000E+00  -2.2897694444E+02   7.0525000000E+02     3.4126440000E+06     3355491          190231   0.0545   0.060
         3000   0.0000000000E+00  -2.3198138889E+02   7.1455000000E+02     3.4146480000E+06     3357606          190683   0.0545   0.060
         3020   0.0000000000E+00  -2.4044222222E+02   7.1990000000E+02     3.4130060000E+06     3355492          191013   0.0545   0.060
         3040   0.0000000000E+00  -2.4624527778E+02   7.2945000000E+02     3.4133870000E+06     3355622          190179   0.0546   0.060
         3060   0.0000000000E+00  -2.4637527778E+02   7.4270000000E+02     3.4170900000E+06     3359463          190517   0.0545   0.060
         3080   0.0000000000E+00  -2.4702166667E+02   7.5885000000E+02     3.4141960000E+06     3356328          190009   0.0546   0.060
         3100   0.0000000000E+00  -2.5435222222E+02   7.7220000000E+02     3.4174410000E+06     3359116          191076   0.0545   0.061
         3120   0.0000000000E+00  -2.5984472222E+02   7.8265000000E+02     3.4184460000E+06     3359861          190441   0.0545   0.060
         3140   0.0000000000E+00  -2.6319222222E+02   7.9200000000E+02     3.4160220000E+06     3357293          190857   0.0546   0.060
         3160   0.0000000000E+00  -2.6816472222E+02   8.0025000000E+02     3.4223560000E+06     3363337          190470   0.0545   0.060
         3180   0.0000000000E+00  -2.6952972222E+02   8.1590000000E+02     3.4247120000E+06     3366079          190513   0.0545   0.061
         3200   0.0000000000E+00  -2.7026638889E+02   8.2935000000E+02     3.4259980000E+06     3366887          191545   0.0545   0.061
         3220   0.0000000000E+00  -2.7094527778E+02   8.4300000000E+02     3.4376460000E+06     3378618          191498   0.0545   0.061
         3240   0.0000000000E+00  -2.7384861111E+02   8.5860000000E+02     3.4381940000E+06     3378937          191461   0.0546   0.060
         3260   0.0000000000E+00  -2.7690000000E+02   8.7225000000E+02     3.4406530000E+06     3381002          191430   0.0545   0.061
         3280   0.0000000000E+00  -2.8263083333E+02   8.8410000000E+02     3.4401280000E+06     3380202          192082   0.0545   0.061
         3300   0.0000000000E+00  -2.8634305556E+02   8.9475000000E+02     3.4424580000E+06     3382689          192217   0.0545   0.061
         3320   0.0000000000E+00  -2.8898277778E+02   9.0155000000E+02     3.4476050000E+06     3387797          191769   0.0545   0.061
         3340   0.0000000000E+00  -2.9453666667E+02   9.1370000000E+02     3.4523430000E+06     3391797          192289   0.0545   0.061
         3360   0.0000000000E+00  -2.9974027778E+02   9.2695000000E+02     3.4592970000E+06     3398537          193662   0.0545   0.061
         3380   0.0000000000E+00  -3.0831305556E+02   9.4090000000E+02     3.4596820000E+06     3398948          193012   0.0545   0.061
         3400   0.0000000000E+00  -3.1112611111E+02   9.4885000000E+02     3.4638140000E+06     3402627          192650   0.0545   0.061
         3420   0.0000000000E+00  -3.1436527778E+02   9.6215000000E+02     3.4662050000E+06     3405190          193515   0.0546   0.061
         3440   0.0000000000E+00  -3.2194138889E+02   9.7485000000E+02     3.4689170000E+06     3407727          194141   0.0546   0.061
         3460   0.0000000000E+00  -3.2604722222E+02   9.9050000000E+02     3.4688380000E+06     3407808          192840   0.0545   0.061
         3480   0.0000000000E+00  -3.3087166667E+02   1.0023000000E+03     3.4709030000E+06     3409311          193320   0.0545   0.061
         3500   0.0000000000E+00  -3.3798916667E+02   1.0149500000E+03     3.4731210000E+06     3411063          193650   0.0545   0.062
         3520   0.0000000000E+00  -3.4474555556E+02   1.0314500000E+03     3.4748130000E+06     3412817          194041   0.0545   0.061
         3540   0.0000000000E+00  -3.4837833333E+02   1.0491500000E+03     3.4761450000E+06     3414134          194638   0.0545   0.061
         3560   0.0000000000E+00  -3.5380944444E+02   1.0622000000E+03     3.4770790000E+06     3414925          194613   0.0545   0.061
         3580   0.0000000000E+00  -3.5812472222E+02   1.0752500000E+03     3.4782270000E+06     3415641          194329   0.0545   0.064
         3600   0.0000000000E+00  -3.6026972222E+02   1.0897000000E+03     3.4789150000E+06     3416155          193574   0.0545   0.061
         3620   0.0000000000E+00  -3.6274333333E+02   1.1083500000E+03     3.4790770000E+06     3416524          193837   0.0545   0.061
         3640   0.0000000000E+00  -3.7209972222E+02   1.1283000000E+03     3.4836880000E+06     3420664          194620   0.0545   0.061
         3660   0.0000000000E+00  -3.8143083333E+02   1.1400500000E+03     3.4878880000E+06     3423867          194828   0.0545   0.061
         3680   0.0000000000E+00  -3.8555833333E+02   1.1507000000E+03     3.4898620000E+06     3426089          194340   0.0545   0.061
         3700   0.0000000000E+00  -3.9042611111E+02   1.1680000000E+03     3.4916920000E+06     3427964          194646   0.0545   0.061
         3720   0.0000000000E+00  -3.9697666667E+02   1.1805500000E+03     3.4937900000E+06     3429427          195379   0.0545   0.061
         3740   0.0000000000E+00  -4.0182277778E+02   1.2018000000E+03     3.4952920000E+06     3431139          194743   0.0545   0.062
         3760   0.0000000000E+00  -4.0368250000E+02   1.2237500000E+03     3.4927060000E+06     3428696          195326   0.0545   0.061
         3780   0.0000000000E+00  -4.1172805556E+02   1.2410500000E+03     3.4943500000E+06     3429766          195371   0.0545   0.061
         3800   0.0000000000E+00  -4.1415111111E+02   1.2588000000E+03     3.4975510000E+06     3432584          195392   0.0545   0.062
         3820   0.0000000000E+00  -4.1799333333E+02   1.2724500000E+03     3.5015350000E+06     3436437          195060   0.0545   0.062
         3840   0.0000000000E+00  -4.2055722222E+02   1.2902500000E+03     3.5071660000E+06     3441813          195392   0.0545   0.062
         3860   0.0000000000E+00  -4.2331972222E+02   1.3063000000E+03     3.5093030000E+06     3443895          195935   0.0545   0.062
         3880   0.0000000000E+00  -4.2615805556E+02   1.3233000000E+03     3.5151400000E+06     3449248          196548   0.0544   0.062
         3900   0.0000000000E+00  -4.3268694444E+02   1.3429000000E+03     3.5151220000E+06     3449261          196711   0.0545   0.062
         3920   0.0000000000E+00  -4.3854777778E+02   1.3598000000E+03     3.5198160000E+06     3453933          196614   0.0545   0.062
         3940   0.0000000000E+00  -4.4404750000E+02   1.3790500000E+03     3.5253840000E+06     3458826          197735   0.0545   0.062
         3960   0.0000000000E+00  -4.5168138889E+02   1.3937500000E+03     3.5245800000E+06     3458092          196785   0.0545   0.062
         3980   0.0000000000E+00  -4.5198472222E+02   1.4099000000E+03     3.5277790000E+06     3461380          196972   0.0545   0.062
         4000   0.0000000000E+00  -4.5505416667E+02   1.4293500000E+03     3.5284630000E+06     3461765          196391   0.0545   0.062
         4020   0.0000000000E+00  -4.6752333333E+02   1.4539000000E+03     3.5265850000E+06     3459788          196831   0.0545   0.062
         4040   0.0000000000E+00  -4.7745750000E+02   1.4731000000E+03     3.5330640000E+06     3466251          197295   0.0545   0.062
         4060   0.0000000000E+00  -4.8834861111E+02   1.4896500000E+03     3.5337690000E+06     3466625          197999   0.0545   0.062
         4080   0.0000000000E+00  -4.9879555556E+02   1.5087500000E+03     3.5348550000E+06     3466475          197173   0.0545   0.062
         4100   0.0000000000E+00  -5.0375361111E+02   1.5284000000E+03     3.5349200000E+06     3467301          197604   0.0545   0.062
         4120   0.0000000000E+00  -5.1058222222E+02   1.5454000000E+03     3.5386230000E+06     3470530          198067   0.0545   0.062
         4140   0.0000000000E+00  -5.1558000000E+02   1.5728000000E+03     3.5392110000E+06     3470942          197315   0.0545   0.062
         4160   0.0000000000E+00  -5.2075472222E+02   1.5928500000E+03     3.5403240000E+06     3471386          197199   0.0545   0.062
         4180   0.0000000000E+00  -5.2571638889E+02   1.6157000000E+03     3.5396100000E+06     3471153          197785   0.0544   0.063
         4200   0.0000000000E+00  -5.3329972222E+02   1.6404500000E+03     3.5414140000E+06     3473025          197468   0.0545   0.062
         4220   0.0000000000E+00  -5.3888611111E+02   1.6602000000E+03     3.5424340000E+06     3473833          197429   0.0545   0.062
         4240   0.0000000000E+00  -5.4495638889E+02   1.6777000000E+03     3.5526520000E+06     3483565          198675   0.0545   0.062
         4260   0.0000000000E+00  -5.5288638889E+02   1.6926000000E+03     3.5569280000E+06     3487012          199378   0.0544   0.062
         4280   0.0000000000E+00  -5.5439583333E+02   1.7158500000E+03     3.5627450000E+06     3492581          198365   0.0545   0.063
         4300   0.0000000000E+00  -5.6369444444E+02   1.7460500000E+03     3.5674980000E+06     3497127          199091   0.0545   0.063
         4320   0.0000000000E+00  -5.7631527778E+02   1.7770000000E+03     3.5708250000E+06     3499814          198991   0.0545   0.063
         4340   0.0000000000E+00  -5.8291277778E+02   1.7981500000E+03     3.5786910000E+06     3506974          199283   0.0545   0.063
         4360   0.0000000000E+00  -5.9618722222E+02   1.8266000000E+03     3.5819640000E+06     3510421          199460   0.0545   0.063
         4380   0.0000000000E+00  -6.0870333333E+02   1.8503500000E+03     3.5828710000E+06     3510773          199647   0.0545   0.063
         4400   0.0000000000E+00  -6.1977861111E+02   1.8739500000E+03     3.5825750000E+06     3510239          200649   0.0545   0.063
         4420   0.0000000000E+00  -6.3125472222E+02   1.8945000000E+03     3.5875680000E+06     3514896          199603   0.0545   0.063
         4440   0.0000000000E+00  -6.3398833333E+02   1.9183000000E+03     3.5867130000E+06     3513775          199960   0.0545   0.063
         4460   0.0000000000E+00  -6.4425111111E+02   1.9464500000E+03     3.5889930000E+06     3515330          201451   0.0545   0.063
         4480   0.0000000000E+00  -6.4899972222E+02   1.9712000000E+03     3.5911450000E+06     3518185          199926   0.0544   0.063
         4500   0.0000000000E+00  -6.5497250000E+02   1.9962000000E+03     3.5922260000E+06     3518655          200216   0.0544   0.063
         4520   0.0000000000E+00  -6.6679888889E+02   2.0263000000E+03     3.5968540000E+06     3523084          200589   0.0545   0.063
         4540   0.0000000000E+00  -6.7307861111E+02   2.0571000000E+03     3.6022130000E+06     3527450          200692   0.0545   0.063
         4560   0.0000000000E+00  -6.7838333333E+02   2.0785500000E+03     3.6100500000E+06     3534744          201221   0.0544   0.063
         4580   0.0000000000E+00  -6.8565250000E+02   2.1100000000E+03     3.6101210000E+06     3534777          201397   0.0544   0.063
         4600   0.0000000000E+00  -6.9584305556E+02   2.1359500000E+03     3.6140340000E+06     3538288          201212   0.0544   0.063
         4620   0.0000000000E+00  -7.1249027778E+02   2.1597000000E+03     3.6171740000E+06     3541101          202034   0.0545   0.063
         4640   0.0000000000E+00  -7.2028305556E+02   2.1870500000E+03     3.6214150000E+06     3544541          202069   0.0544   0.064
         4660   0.0000000000E+00  -7.2630638889E+02   2.2221500000E+03     3.6247970000E+06     3547456          202291   0.0545   0.064
         4680   0.0000000000E+00  -7.4248416667E+02   2.2528000000E+03     3.6330490000E+06     3555116          202958   0.0544   0.064
         4700   0.0000000000E+00  -7.6028333333E+02   2.2832000000E+03     3.6403180000E+06     3562356          204450   0.0544   0.064
         4720   0.0000000000E+00  -7.6399555556E+02   2.3011000000E+03     3.6420560000E+06     3563299          203323   0.0545   0.064
         4740   0.0000000000E+00  -7.7529111111E+02   2.3254000000E+03     3.6440430000E+06     3564865          203526   0.0544   0.064
         4760   0.0000000000E+00  -7.8522527778E+02   2.3526000000E+03     3.6487490000E+06     3569509          203906   0.0544   0.064
         4780   0.0000000000E+00  -7.9354166667E+02   2.3965000000E+03     3.6548420000E+06     3574893          203948   0.0544   0.064
         4800   0.0000000000E+00  -8.0660305556E+02   2.4337500000E+03     3.6617830000E+06     3581456          204703   0.0544   0.064
         4820   0.0000000000E+00  -8.1185000000E+02   2.4695500000E+03     3.6672530000E+06     3586492          204615   0.0544   0.065
         4840   0.0000000000E+00  -8.1651916667E+02   2.5065500000E+03     3.6698730000E+06     3589028          205372   0.0544   0.064
         4860   0.0000000000E+00  -8.3214805556E+02   2.5414500000E+03     3.6741130000E+06     3592488          205135   0.0544   0.064
         4880   0.0000000000E+00  -8.4711611111E+02   2.5786500000E+03     3.6811080000E+06     3598930          206253   0.0544   0.065
         4900   0.0000000000E+00  -8.6654750000E+02   2.6121500000E+03     3.6835170000E+06     3600905          205603   0.0544   0.064
         4920   0.0000000000E+00  -8.8573333333E+02   2.6487000000E+03     3.6858660000E+06     3603051          205843   0.0544   0.064
         4940   0.0000000000E+00  -8.8995472222E+02   2.6852000000E+03     3.6916090000E+06     3608374          207210   0.0544   0.065
         4960   0.0000000000E+00  -9.0055694444E+02   2.7197500000E+03     3.6977950000E+06     3613605          205833   0.0543   0.065
         4980   0.0000000000E+00  -9.1692250000E+02   2.7546500000E+03     3.6982180000E+06     3613567          206382   0.0544   0.065
         5000   0.0000000000E+00  -9.3008861111E+02   2.7898500000E+03     3.7019940000E+06     3617146          205821   0.0544   0.065
         5020   0.0000000000E+00  -9.3516583333E+02   2.8359000000E+03     3.7127380000E+06     3627461          207218   0.0544   0.065
         5040   0.0000000000E+00  -9.3837611111E+02   2.8689000000E+03     3.7139750000E+06     3627888          207403   0.0544   0.065
         5060   0.0000000000E+00  -9.5828777778E+02   2.9060500000E+03     3.7207430000E+06     3634194          208912   0.0544   0.065
         5080   0.0000000000E+00  -9.6733000000E+02   2.9425000000E+03     3.7301990000E+06     3643600          208658   0.0543   0.065
         5100   0.0000000000E+00  -9.7747722222E+02   2.9759000000E+03     3.7343010000E+06     3646607          208921   0.0544   0.066
         5120   0.0000000000E+00  -9.9622250000E+02   3.0109500000E+03     3.7377280000E+06     3649560          208850   0.0544   0.066
         5140   0.0000000000E+00  -1.0113783333E+03   3.0546000000E+03     3.7435800000E+06     3655048          208647   0.0543   0.066
         5160   0.0000000000E+00  -1.0209116667E+03   3.0917000000E+03     3.7468080000E+06     3658147          209375   0.0544   0.066
         5180   0.0000000000E+00  -1.0327308333E+03   3.1369500000E+03     3.7499360000E+06     3660711          209168   0.0544   0.066
         5200   0.0000000000E+00  -1.0482297222E+03   3.1767500000E+03     3.7594560000E+06     3669058          209853   0.0544   0.066
         5220   0.0000000000E+00  -1.0674372222E+03   3.2147500000E+03     3.7642210000E+06     3673541          209830   0.0544   0.066
         5240   0.0000000000E+00  -1.0830877778E+03   3.2514500000E+03     3.7682920000E+06     3677021          209651   0.0544   0.066
         5260   0.0000000000E+00  -1.0968425000E+03   3.2954500000E+03     3.7746670000E+06     3682528          210062   0.0543   0.066
         5280   0.0000000000E+00  -1.1099255556E+03   3.3469500000E+03     3.7800630000E+06     3687409          210571   0.0543   0.066
         5300   0.0000000000E+00  -1.1222322222E+03   3.3916500000E+03     3.7855200000E+06     3691789          211813   0.0544   0.066
         5320   0.0000000000E+00  -1.1421438889E+03   3.4308000000E+03     3.7938210000E+06     3699597          212314   0.0543   0.066
         5340   0.0000000000E+00  -1.1529266667E+03   3.4751000000E+03     3.8013310000E+06     3706744          212538   0.0543   0.067
         5360   0.0000000000E+00  -1.1600622222E+03   3.5164500000E+03     3.8012220000E+06     3706179          211544   0.0543   0.067
         5380   0.0000000000E+00  -1.1674577778E+03   3.5564500000E+03     3.8050100000E+06     3709187          212133   0.0543   0.066
         5400   0.0000000000E+00  -1.1839461111E+03   3.5974500000E+03     3.8124700000E+06     3715531          212695   0.0543   0.067
         5420   0.0000000000E+00  -1.2054105556E+03   3.6594500000E+03     3.8224180000E+06     3724810          213605   0.0543   0.067
         5440   0.0000000000E+00  -1.2239644444E+03   3.7137500000E+03     3.8268950000E+06     3728860          213109   0.0543   0.067
         5460   0.0000000000E+00  -1.2490580556E+03   3.7671000000E+03     3.8327620000E+06     3734033          213973   0.0543   0.067
         5480   0.0000000000E+00  -1.2624047222E+03   3.8207000000E+03     3.8398750000E+06     3740433          214647   0.0543   0.067
         5500   0.0000000000E+00  -1.2773222222E+03   3.8694500000E+03     3.8475060000E+06     3746961          214881   0.0543   0.067
         5520   0.0000000000E+00  -1.2939152778E+03   3.9101500000E+03     3.8561070000E+06     3755062          215395   0.0543   0.067
         5540   0.0000000000E+00  -1.3082513889E+03   3.9497000000E+03     3.8646560000E+06     3763366          215370   0.0543   0.067
         5560   0.0000000000E+00  -1.3226127778E+03   4.0012500000E+03     3.8728140000E+06     3770265          215590   0.0543   0.068
         5580   0.0000000000E+00  -1.3392275000E+03   4.0539500000E+03     3.8801520000E+06     3777072          216793   0.0543   0.068
         5600   0.0000000000E+00  -1.3619811111E+03   4.1223000000E+03     3.8848400000E+06     3780644          217360   0.0543   0.068
         5620   0.0000000000E+00  -1.3783755556E+03   4.1869000000E+03     3.8894130000E+06     3784567          216555   0.0543   0.068
         5640   0.0000000000E+00  -1.3920111111E+03   4.2396500000E+03     3.8925620000E+06     3787462          216585   0.0543   0.068
         5660   0.0000000000E+00  -1.4027216667E+03   4.2836500000E+03     3.9029530000E+06     3796602          217771   0.0543   0.068
         5680   0.0000000000E+00  -1.4266488889E+03   4.3452000000E+03     3.9019740000E+06     3795745          217935   0.0543   0.068
         5700   0.0000000000E+00  -1.4369297222E+03   4.4021000000E+03     3.9090400000E+06     3801581          218356   0.0543   0.068
         5720   0.0000000000E+00  -1.4588238889E+03   4.4610000000E+03     3.9139590000E+06     3805561          218099   0.0543   0.068
         5740   0.0000000000E+00  -1.4758647222E+03   4.5263500000E+03     3.9168150000E+06     3807825          218961   0.0543   0.068
         5760   0.0000000000E+00  -1.4957727778E+03   4.5859500000E+03     3.9137930000E+06     3804596          218001   0.0542   0.068
         5780   0.0000000000E+00  -1.5141027778E+03   4.6404500000E+03     3.9229660000E+06     3813025          219286   0.0543   0.069
         5800   0.0000000000E+00  -1.5372175000E+03   4.6924500000E+03     3.9297110000E+06     3818404          218698   0.0543   0.069
         5820   0.0000000000E+00  -1.5571508333E+03   4.7450000000E+03     3.9350270000E+06     3822613          219869   0.0543   0.069
         5840   0.0000000000E+00  -1.5800886111E+03   4.8055000000E+03     3.9472380000E+06     3833863          219963   0.0543   0.069
         5860   0.0000000000E+00  -1.6052002778E+03   4.8677000000E+03     3.9532400000E+06     3838863          220696   0.0543   0.069
         5880   0.0000000000E+00  -1.6274952778E+03   4.9304500000E+03     3.9580150000E+06     3842593          220405   0.0543   0.069
         5900   0.0000000000E+00  -1.6496819444E+03   4.9972000000E+03     3.9635030000E+06     3847608          220885   0.0542   0.069
         5920   0.0000000000E+00  -1.6731975000E+03   5.0621500000E+03     3.9684310000E+06     3851704          220715   0.0543   0.069
         5940   0.0000000000E+00  -1.6936833333E+03   5.1321500000E+03     3.9740210000E+06     3856584          222667   0.0543   0.069
         5960   0.0000000000E+00  -1.7120747222E+03   5.2074500000E+03     3.9834430000E+06     3865007          222734   0.0543   0.069
         5980   0.0000000000E+00  -1.7397213889E+03   5.2761500000E+03     3.9929790000E+06     3872891          222854   0.0542   0.070
         6000   0.0000000000E+00  -1.7630311111E+03   5.3526000000E+03     4.0027570000E+06     3882062          223097   0.0542   0.070
         6020   0.0000000000E+00  -1.7896377778E+03   5.4188500000E+03     4.0121030000E+06     3889464          223525   0.0542   0.070
         6040   0.0000000000E+00  -1.8145725000E+03   5.4885500000E+03     4.0225960000E+06     3898975          224642   0.0542   0.070
         6060   0.0000000000E+00  -1.8334838889E+03   5.5584500000E+03     4.0331880000E+06     3908201          225231   0.0542   0.070
         6080   0.0000000000E+00  -1.8622030556E+03   5.6435500000E+03     4.0430820000E+06     3916766          225478   0.0542   0.070
         6100   0.0000000000E+00  -1.8841441667E+03   5.7185500000E+03     4.0560980000E+06     3928274          227288   0.0542   0.070
         6120   0.0000000000E+00  -1.9097975000E+03   5.8005500000E+03     4.0693880000E+06     3940165          227720   0.0542   0.071
         6140   0.0000000000E+00  -1.9378955556E+03   5.8733000000E+03     4.0779350000E+06     3947420          227395   0.0542   0.071
         6160   0.0000000000E+00  -1.9615700000E+03   5.9544500000E+03     4.0921640000E+06     3960490          228609   0.0541   0.072
         6180   0.0000000000E+00  -1.9923763889E+03   6.0331500000E+03     4.0978590000E+06     3965639          228134   0.0542   0.072
         6200   0.0000000000E+00  -2.0230636111E+03   6.1130000000E+03     4.1048240000E+06     3971469          229441   0.0542   0.072
         6220   0.0000000000E+00  -2.0436975000E+03   6.1981000000E+03     4.1154650000E+06     3980860          229862   0.0542   0.072
         6240   0.0000000000E+00  -2.0616483333E+03   6.2911000000E+03     4.1269870000E+06     3991393          230997   0.0542   0.072
         6260   0.0000000000E+00  -2.0831597222E+03   6.3654000000E+03     4.1351850000E+06     3998659          230968   0.0542   0.072
         6280   0.0000000000E+00  -2.1090875000E+03   6.4557000000E+03     4.1479090000E+06     4010098          232092   0.0542   0.072
         6300   0.0000000000E+00  -2.1426888889E+03   6.5444000000E+03     4.1529330000E+06     4013408          230911   0.0542   0.072
         6320   0.0000000000E+00  -2.1876327778E+03   6.6312000000E+03     4.1613570000E+06     4020123          232301   0.0542   0.074
         6340   0.0000000000E+00  -2.2229711111E+03   6.7244000000E+03     4.1673030000E+06     4024580          232988   0.0542   0.072
         6360   0.0000000000E+00  -2.2568397222E+03   6.8205500000E+03     4.1764540000E+06     4032314          233861   0.0541   0.073
         6380   0.0000000000E+00  -2.2899319444E+03   6.9158000000E+03     4.1875280000E+06     4042037          234352   0.0542   0.073
         6400   0.0000000000E+00  -2.3114613889E+03   7.0159500000E+03     4.1924800000E+06     4045174          234211   0.0541   0.073
         6420   0.0000000000E+00  -2.3466769444E+03   7.1132500000E+03     4.2039870000E+06     4055074          235087   0.0541   0.073
         6440   0.0000000000E+00  -2.3809319444E+03   7.2090500000E+03     4.2135980000E+06     4063432          235301   0.0541   0.074
         6460   0.0000000000E+00  -2.4071341667E+03   7.3017500000E+03     4.2226530000E+06     4070873          235815   0.0542   0.073
         6480   0.0000000000E+00  -2.4451916667E+03   7.4055500000E+03     4.2280750000E+06     4074855          236301   0.0541   0.073
         6500   0.0000000000E+00  -2.4842458333E+03   7.5030000000E+03     4.2378780000E+06     4084115          236019   0.0541   0.074
         6520   0.0000000000E+00  -2.5127194444E+03   7.5995000000E+03     4.2527290000E+06     4097059          237281   0.0541   0.074
         6540   0.0000000000E+00  -2.5401927778E+03   7.6966000000E+03     4.2642540000E+06     4107367          238670   0.0541   0.074
         6560   0.0000000000E+00  -2.5727830556E+03   7.8047000000E+03     4.2739040000E+06     4114670          238266   0.0541   0.074
         6580   0.0000000000E+00  -2.6052433333E+03   7.8986000000E+03     4.2854940000E+06     4125511          239580   0.0541   0.075
         6600   0.0000000000E+00  -2.6451677778E+03   7.9952000000E+03     4.3024520000E+06     4141217          239757   0.0541   0.075
         6620   0.0000000000E+00  -2.6717166667E+03   8.0921000000E+03     4.3139410000E+06     4150355          241435   0.0541   0.075
         6640   0.0000000000E+00  -2.7097777778E+03   8.1951000000E+03     4.3223980000E+06     4157239          241916   0.0541   0.075
         6660   0.0000000000E+00  -2.7438919444E+03   8.3112000000E+03     4.3341240000E+06     4167003          242558   0.0541   0.075
         6680   0.0000000000E+00  -2.7778327778E+03   8.4350500000E+03     4.3482060000E+06     4179348          242915   0.0541   0.076
         6700   0.0000000000E+00  -2.8220761111E+03   8.5515500000E+03     4.3627500000E+06     4191743          243696   0.0541   0.076
         6720   0.0000000000E+00  -2.8723427778E+03   8.6749000000E+03     4.3722290000E+06     4199787          244734   0.0541   0.076
         6740   0.0000000000E+00  -2.8962447222E+03   8.7857000000E+03     4.3789460000E+06     4205208          244330   0.0540   0.076
         6760   0.0000000000E+00  -2.9196772222E+03   8.8942000000E+03     4.3850150000E+06     4208785          244652   0.0540   0.076
         6780   0.0000000000E+00  -2.9524480556E+03   9.0015500000E+03     4.3998730000E+06     4222518          245669   0.0540   0.076
         6800   0.0000000000E+00  -2.9935569444E+03   9.1233000000E+03     4.4139000000E+06     4235066          246281   0.0540   0.076
         6820   0.0000000000E+00  -3.0396383333E+03   9.2488000000E+03     4.4296000000E+06     4248131          246780   0.0540   0.077
         6840   0.0000000000E+00  -3.0715858333E+03   9.3777000000E+03     4.4427380000E+06     4259219          248375   0.0540   0.077
         6860   0.0000000000E+00  -3.1115247222E+03   9.4998000000E+03     4.4562460000E+06     4271210          249263   0.0540   0.077
         6880   0.0000000000E+00  -3.1472855556E+03   9.6390500000E+03     4.4673070000E+06     4280397          249911   0.0540   0.077
         6900   0.0000000000E+00  -3.1978013889E+03   9.7789000000E+03     4.4712170000E+06     4282309          249493   0.0540   0.077
         6920   0.0000000000E+00  -3.2496461111E+03   9.9047000000E+03     4.4825360000E+06     4291115          250212   0.0540   0.078
         6940   0.0000000000E+00  -3.3046072222E+03   1.0016100000E+04     4.4975020000E+06     4303552          250646   0.0540   0.078
         6960   0.0000000000E+00  -3.3495691667E+03   1.0128950000E+04     4.5035700000E+06     4307998          251260   0.0540   0.078
         6980   0.0000000000E+00  -3.3764358333E+03   1.0266850000E+04     4.5097530000E+06     4312740          251904   0.0540   0.078
         7000   0.0000000000E+00  -3.4225569444E+03   1.0403200000E+04     4.5229090000E+06     4324014          253035   0.0540   0.078
         7020   0.0000000000E+00  -3.4754380556E+03   1.0544000000E+04     4.5321650000E+06     4330584          252677   0.0540   0.079
         7040   0.0000000000E+00  -3.5154600000E+03   1.0678250000E+04     4.5495190000E+06     4345991          254049   0.0539   0.079
         7060   0.0000000000E+00  -3.5593819444E+03   1.0811000000E+04     4.5570780000E+06     4351617          254201   0.0539   0.079
         7080   0.0000000000E+00  -3.5991475000E+03   1.0933250000E+04     4.5699840000E+06     4362222          256090   0.0540   0.079
         7100   0.0000000000E+00  -3.6324961111E+03   1.1077950000E+04     4.5848300000E+06     4374884          255681   0.0539   0.080
         7120   0.0000000000E+00  -3.6906602778E+03   1.1234500000E+04     4.6026290000E+06     4389958          256536   0.0539   0.079
         7140   0.0000000000E+00  -3.7341597222E+03   1.1402100000E+04     4.6145420000E+06     4399189          258020   0.0539   0.080
         7160   0.0000000000E+00  -3.7911069444E+03   1.1561750000E+04     4.6298840000E+06     4412510          257460   0.0539   0.080
         7180   0.0000000000E+00  -3.8270519444E+03   1.1701700000E+04     4.6448130000E+06     4425740          259081   0.0539   0.080
         7200   0.0000000000E+00  -3.8866858333E+03   1.1850850000E+04     4.6497750000E+06     4428328          259360   0.0539   0.080
         7220   0.0000000000E+00  -3.9425316667E+03   1.1992950000E+04     4.6632150000E+06     4438545          261018   0.0539   0.081
         7240   0.0000000000E+00  -3.9971063889E+03   1.2131050000E+04     4.6748590000E+06     4447776          260917   0.0539   0.081
         7260   0.0000000000E+00  -4.0395983333E+03   1.2290000000E+04     4.6901660000E+06     4461027          261859   0.0539   0.081
         7280   0.0000000000E+00  -4.1058116667E+03   1.2446400000E+04     4.7019580000E+06     4470061          262514   0.0539   0.081
         7300   0.0000000000E+00  -4.1605850000E+03   1.2617400000E+04     4.7237790000E+06     4488989          263703   0.0539   0.082
         7320   0.0000000000E+00  -4.2091833333E+03   1.2782800000E+04     4.7417490000E+06     4503310          264269   0.0539   0.082
         7340   0.0000000000E+00  -4.2635305556E+03   1.2938700000E+04     4.7570700000E+06     4515786          265125   0.0538   0.083
         7360   0.0000000000E+00  -4.3108902778E+03   1.3096800000E+04     4.7755760000E+06     4531657          266503   0.0538   0.082
         7380   0.0000000000E+00  -4.3709394444E+03   1.3265700000E+04     4.7892810000E+06     4542413          267531   0.0538   0.082
         7400   0.0000000000E+00  -4.4313677778E+03   1.3436900000E+04     4.8079720000E+06     4557428          268250   0.0538   0.083
         7420   0.0000000000E+00  -4.4936088889E+03   1.3629300000E+04     4.8234760000E+06     4569818          269045   0.0538   0.083
         7440   0.0000000000E+00  -4.5613533333E+03   1.3819300000E+04     4.8391180000E+06     4582524          269633   0.0538   0.083
         7460   0.0000000000E+00  -4.6139275000E+03   1.4018800000E+04     4.8599150000E+06     4600210          271713   0.0538   0.084
         7480   0.0000000000E+00  -4.6729294444E+03   1.4206350000E+04     4.8715890000E+06     4609882          272696   0.0538   0.085
         7500   0.0000000000E+00  -4.7338777778E+03   1.4406650000E+04     4.8906460000E+06     4624930          273205   0.0538   0.084
         7520   0.0000000000E+00  -4.8015391667E+03   1.4614250000E+04     4.9027680000E+06     4634888          274553   0.0538   0.084
         7540   0.0000000000E+00  -4.8794163889E+03   1.4820900000E+04     4.9166370000E+06     4645783          273966   0.0538   0.084
         7560   0.0000000000E+00  -4.9583913889E+03   1.5006000000E+04     4.9329910000E+06     4659592          274698   0.0538   0.085
         7580   0.0000000000E+00  -5.0124533333E+03   1.5201600000E+04     4.9515020000E+06     4674179          276980   0.0537   0.085
         7600   0.0000000000E+00  -5.0673602778E+03   1.5392600000E+04     4.9650760000E+06     4684081          276893   0.0537   0.085
         7620   0.0000000000E+00  -5.1199850000E+03   1.5595900000E+04     4.9858580000E+06     4701829          278923   0.0538   0.086
         7640   0.0000000000E+00  -5.1809188889E+03   1.5790000000E+04     5.0060710000E+06     4717367          279861   0.0538   0.086
         7660   0.0000000000E+00  -5.2612047222E+03   1.6011300000E+04     5.0246360000E+06     4732773          280552   0.0537   0.086
         7680   0.0000000000E+00  -5.3312386111E+03   1.6244350000E+04     5.0367900000E+06     4741570          281321   0.0537   0.086
         7700   0.0000000000E+00  -5.3997450000E+03   1.6455150000E+04     5.0528110000E+06     4754396          281913   0.0537   0.087
         7720   0.0000000000E+00  -5.4879102778E+03   1.6655900000E+04     5.0715460000E+06     4768273          282994   0.0537   0.087
         7740   0.0000000000E+00  -5.5591863889E+03   1.6864800000E+04     5.0947360000E+06     4788848          285810   0.0537   0.087
         7760   0.0000000000E+00  -5.6416352778E+03   1.7092150000E+04     5.1151610000E+06     4804494          285909   0.0537   0.087
         7780   0.0000000000E+00  -5.7095783333E+03   1.7314200000E+04     5.1308160000E+06     4817412          286352   0.0537   0.088
         7800   0.0000000000E+00  -5.7819197222E+03   1.7542700000E+04     5.1522970000E+06     4834351          288524   0.0537   0.088
         7820   0.0000000000E+00  -5.8678894444E+03   1.7751950000E+04     5.1731610000E+06     4850692          288850   0.0536   0.089
         7840   0.0000000000E+00  -5.9389308333E+03   1.7979100000E+04     5.1835950000E+06     4858281          289138   0.0536   0.089
         7860   0.0000000000E+00  -6.0106475000E+03   1.8209650000E+04     5.1956980000E+06     4866485          289684   0.0537   0.089
         7880   0.0000000000E+00  -6.0736902778E+03   1.8445000000E+04     5.2158600000E+06     4882527          291390   0.0536   0.089
         7900   0.0000000000E+00  -6.1574500000E+03   1.8694900000E+04     5.2315350000E+06     4895342          291564   0.0537   0.089
         7920   0.0000000000E+00  -6.2249380556E+03   1.8947650000E+04     5.2510970000E+06     4910228          294244   0.0536   0.090
         7940   0.0000000000E+00  -6.3241461111E+03   1.9219550000E+04     5.2742980000E+06     4929499          295024   0.0536   0.090
         7960   0.0000000000E+00  -6.4076711111E+03   1.9456900000E+04     5.2894130000E+06     4940643          295561   0.0536   0.090
         7980   0.0000000000E+00  -6.4920447222E+03   1.9711200000E+04     5.3121890000E+06     4959132          296743   0.0536   0.091
         8000   0.0000000000E+00  -6.5718033333E+03   1.9947050000E+04     5.3353000000E+06     4978009          298075   0.0536   0.091
         8020   0.0000000000E+00  -6.6649772222E+03   2.0203550000E+04     5.3558080000E+06     4993244          299546   0.0536   0.091
         8040   0.0000000000E+00  -6.7435261111E+03   2.0474750000E+04     5.3707950000E+06     5003612          300464   0.0535   0.092
         8060   0.0000000000E+00  -6.8311244444E+03   2.0729050000E+04     5.3899230000E+06     5018518          302113   0.0536   0.092
         8080   0.0000000000E+00  -6.9218969444E+03   2.1006900000E+04     5.4050280000E+06     5028375          301749   0.0535   0.092
         8100   0.0000000000E+00  -7.0068194444E+03   2.1279350000E+04     5.4250110000E+06     5043737          303599   0.0535   0.092
         8120   0.0000000000E+00  -7.1009755556E+03   2.1549150000E+04     5.4453450000E+06     5060294          304326   0.0535   0.092
         8140   0.0000000000E+00  -7.1918202778E+03   2.1829950000E+04     5.4692330000E+06     5079234          304749   0.0535   0.093
         8160   0.0000000000E+00  -7.2898113889E+03   2.2127750000E+04     5.4928580000E+06     5097970          306342   0.0535   0.094
         8180   0.0000000000E+00  -7.3886691667E+03   2.2422500000E+04     5.5166490000E+06     5116630          308912   0.0535   0.094
         8200   0.0000000000E+00  -7.4701755556E+03   2.2741500000E+04     5.5375370000E+06     5132913          309954   0.0535   0.094
         8220   0.0000000000E+00  -7.5808886111E+03   2.3027100000E+04     5.5548170000E+06     5145341          309526   0.0535   0.095
         8240   0.0000000000E+00  -7.6820791667E+03   2.3336350000E+04     5.5755720000E+06     5160113          312675   0.0535   0.095
         8260   0.0000000000E+00  -7.7973241667E+03   2.3639750000E+04     5.5974370000E+06     5176200          313444   0.0535   0.095
         8280   0.0000000000E+00  -7.8982077778E+03   2.3957850000E+04     5.6184300000E+06     5192771          313990   0.0534   0.095
         8300   0.0000000000E+00  -7.9998063889E+03   2.4256000000E+04     5.6406550000E+06     5208784          314890   0.0534   0.096
         8320   0.0000000000E+00  -8.1061247222E+03   2.4585950000E+04     5.6587310000E+06     5220984          315983   0.0534   0.097
         8340   0.0000000000E+00  -8.2311486111E+03   2.4950150000E+04     5.6835350000E+06     5239452          318050   0.0534   0.097
         8360   0.0000000000E+00  -8.3481738889E+03   2.5281200000E+04     5.7109940000E+06     5260761          319387   0.0534   0.097
         8380   0.0000000000E+00  -8.4603819444E+03   2.5618900000E+04     5.7419610000E+06     5284917          320713   0.0534   0.097
         8400   0.0000000000E+00  -8.5759122222E+03   2.5972200000E+04     5.7640820000E+06     5300862          321392   0.0534   0.098
         8420   0.0000000000E+00  -8.6842744444E+03   2.6310700000E+04     5.7885150000E+06     5320421          323171   0.0534   0.098
         8440   0.0000000000E+00  -8.8047411111E+03   2.6660050000E+04     5.8131280000E+06     5338820          325940   0.0534   0.098
         8460   0.0000000000E+00  -8.9236875000E+03   2.7021850000E+04     5.8408260000E+06     5359109          327077   0.0533   0.099
         8480   0.0000000000E+00  -9.0449919444E+03   2.7381600000E+04     5.8607250000E+06     5374111          326551   0.0533   0.099
         8500   0.0000000000E+00  -9.1646316667E+03   2.7758600000E+04     5.8869720000E+06     5394085          329134   0.0533   0.100
         8520   0.0000000000E+00  -9.2642730556E+03   2.8139300000E+04     5.9064230000E+06     5408365          330593   0.0533   0.100
         8540   0.0000000000E+00  -9.3988194444E+03   2.8504400000E+04     5.9351850000E+06     5429955          332427   0.0533   0.100
         8560   0.0000000000E+00  -9.5416208333E+03   2.8876250000E+04     5.9527210000E+06     5440950          333685   0.0533   0.101
         8580   0.0000000000E+00  -9.6594658333E+03   2.9270150000E+04     5.9713510000E+06     5452164          333255   0.0533   0.101
         8600   0.0000000000E+00  -9.7791127778E+03   2.9694450000E+04     6.0038500000E+06     5477536          335639   0.0532   0.101
         8620   0.0000000000E+00  -9.8998394444E+03   3.0086650000E+04     6.0315970000E+06     5499243          337080   0.0532   0.102
         8640   0.0000000000E+00  -1.0045905278E+04   3.0466850000E+04     6.0586770000E+06     5519172          339189   0.0532   0.103
         8660   0.0000000000E+00  -1.0174309167E+04   3.0858900000E+04     6.0888660000E+06     5542280          340687   0.0532   0.103
         8680   0.0000000000E+00  -1.0296548889E+04   3.1280450000E+04     6.1166590000E+06     5563081          341765   0.0532   0.104
         8700   0.0000000000E+00  -1.0425610000E+04   3.1726350000E+04     6.1415480000E+06     5581618          343145   0.0532   0.104
         8720   0.0000000000E+00  -1.0560983333E+04   3.2167650000E+04     6.1641700000E+06     5597129          343807   0.0532   0.105
         8740   0.0000000000E+00  -1.0705897222E+04   3.2615600000E+04     6.1969720000E+06     5623492          346732   0.0532   0.105
         8760   0.0000000000E+00  -1.0856426389E+04   3.3032750000E+04     6.2221820000E+06     5641572          348276   0.0532   0.105
         8780   0.0000000000E+00  -1.1008808056E+04   3.3496400000E+04     6.2504650000E+06     5660535          349890   0.0532   0.106
         8800   0.0000000000E+00  -1.1155455278E+04   3.3954200000E+04     6.2809110000E+06     5683085          351448   0.0531   0.106
         8820   0.0000000000E+00  -1.1305825556E+04   3.4417650000E+04     6.3083640000E+06     5701554          351589   0.0531   0.107
         8840   0.0000000000E+00  -1.1469676111E+04   3.4887900000E+04     6.3346440000E+06     5719559          354246   0.0531   0.108
         8860   0.0000000000E+00  -1.1630590833E+04   3.5350000000E+04     6.3613640000E+06     5737843          355643   0.0531   0.108
         8880   0.0000000000E+00  -1.1783586389E+04   3.5795150000E+04     6.3906830000E+06     5759291          357140   0.0531   0.108
         8900   0.0000000000E+00  -1.1926084444E+04   3.6282600000E+04     6.4186630000E+06     5779715          358744   0.0531   0.109
         8920   0.0000000000E+00  -1.2083565000E+04   3.6792400000E+04     6.4500420000E+06     5802817          360462   0.0531   0.109
         8940   0.0000000000E+00  -1.2276719722E+04   3.7266600000E+04     6.4773430000E+06     5820913          361534   0.0530   0.109
         8960   0.0000000000E+00  -1.2440144167E+04   3.7718900000E+04     6.5108270000E+06     5844573          364172   0.0530   0.110
         8980   0.0000000000E+00  -1.2610220278E+04   3.8201650000E+04     6.5409840000E+06     5865885          366349   0.0530   0.111
         9000   0.0000000000E+00  -1.2772048611E+04   3.8695850000E+04     6.5698870000E+06     5885624          367637   0.0530   0.111
         9020   0.0000000000E+00  -1.2933790278E+04   3.9191300000E+04     6.5966180000E+06     5904964          368410   0.0530   0.112
         9040   0.0000000000E+00  -1.3106971944E+04   3.9714800000E+04     6.6244670000E+06     5923485          370527   0.0530   0.113
         9060   0.0000000000E+00  -1.3274939167E+04   4.0241000000E+04     6.6563230000E+06     5946129          372094   0.0530   0.113
         9080   0.0000000000E+00  -1.3443603333E+04   4.0769500000E+04     6.6865770000E+06     5967455          373901   0.0530   0.113
         9100   0.0000000000E+00  -1.3617453056E+04   4.1329900000E+04     6.7250010000E+06     5996033          375944   0.0530   0.114
         9120   0.0000000000E+00  -1.3806368333E+04   4.1864750000E+04     6.7597580000E+06     6021056          378324   0.0529   0.115
         9140   0.0000000000E+00  -1.4007319444E+04   4.2448000000E+04     6.7955680000E+06     6046323          380489   0.0529   0.116
         9160   0.0000000000E+00  -1.4198740833E+04   4.3027000000E+04     6.8258200000E+06     6066307          382199   0.0529   0.116
         9180   0.0000000000E+00  -1.4396839167E+04   4.3636850000E+04     6.8572950000E+06     6087291          383142   0.0529   0.116
         9200   0.0000000000E+00  -1.4588466389E+04   4.4237200000E+04     6.8872510000E+06     6106451          385053   0.0529   0.117
         9220   0.0000000000E+00  -1.4770047500E+04   4.4809700000E+04     6.9184690000E+06     6128902          387582   0.0529   0.117
         9240   0.0000000000E+00  -1.4968691111E+04   4.5396350000E+04     6.9501250000E+06     6149761          388347   0.0529   0.118
         9260   0.0000000000E+00  -1.5155226667E+04   4.6002750000E+04     6.9817590000E+06     6170998          390225   0.0528   0.119
         9280   0.0000000000E+00  -1.5352064722E+04   4.6614450000E+04     7.0215830000E+06     6200728          392385   0.0528   0.119
         9300   0.0000000000E+00  -1.5579127778E+04   4.7243950000E+04     7.0608660000E+06     6228211          395122   0.0528   0.120
         9320   0.0000000000E+00  -1.5797271389E+04   4.7862000000E+04     7.0950460000E+06     6251064          397355   0.0528   0.120
         9340   0.0000000000E+00  -1.5999518889E+04   4.8489850000E+04     7.1299010000E+06     6275171          399367   0.0528   0.121
         9360   0.0000000000E+00  -1.6206688333E+04   4.9158350000E+04     7.1647970000E+06     6298723          401016   0.0528   0.121
         9380   0.0000000000E+00  -1.6443656667E+04   4.9850450000E+04     7.1995430000E+06     6319197          402362   0.0528   0.122
         9400   0.0000000000E+00  -1.6653859444E+04   5.0470450000E+04     7.2399240000E+06     6347950          405506   0.0527   0.122
         9420   0.0000000000E+00  -1.6879839167E+04   5.1164400000E+04     7.2785650000E+06     6373283          406830   0.0527   0.123
         9440   0.0000000000E+00  -1.7128529167E+04   5.1862950000E+04     7.3136390000E+06     6397733          408661   0.0527   0.124
         9460   0.0000000000E+00  -1.7355592222E+04   5.2554350000E+04     7.3481000000E+06     6420574          412015   0.0527   0.124
         9480   0.0000000000E+00  -1.7583691667E+04   5.3248800000E+04     7.3809350000E+06     6440366          414176   0.0527   0.124
         9500   0.0000000000E+00  -1.7814156389E+04   5.3948200000E+04     7.4127740000E+06     6460241          414259   0.0527   0.125
         9520   0.0000000000E+00  -1.8046863611E+04   5.4695600000E+04     7.4490150000E+06     6484650          417371   0.0527   0.125
         9540   0.0000000000E+00  -1.8303422222E+04   5.5425850000E+04     7.4883830000E+06     6510766          418558   0.0527   0.127
         9560   0.0000000000E+00  -1.8545243889E+04   5.6166800000E+04     7.5302810000E+06     6538137          422712   0.0526   0.127
         9580   0.0000000000E+00  -1.8780933889E+04   5.6936200000E+04     7.5683740000E+06     6562561          424127   0.0526   0.127
         9600   0.0000000000E+00  -1.9025193056E+04   5.7710700000E+04     7.6082860000E+06     6588235          425486   0.0526   0.129
         9620   0.0000000000E+00  -1.9276645556E+04   5.8484150000E+04     7.6457100000E+06     6613236          427732   0.0526   0.128
         9640   0.0000000000E+00  -1.9509825833E+04   5.9272150000E+04     7.6773560000E+06     6631428          429607   0.0525   0.129
         9660   0.0000000000E+00  -1.9776080278E+04   6.0047000000E+04     7.7193970000E+06     6659754          432646   0.0526   0.130
         9680   0.0000000000E+00  -2.0044689167E+04   6.0881750000E+04     7.7544000000E+06     6680822          434459   0.0525   0.131
         9700   0.0000000000E+00  -2.0321990000E+04   6.1724900000E+04     7.8008710000E+06     6712921          436979   0.0525   0.132
         9720   0.0000000000E+00  -2.0602609444E+04   6.2588350000E+04     7.8418530000E+06     6741769          439719   0.0525   0.132
         9740   0.0000000000E+00  -2.0877740000E+04   6.3393700000E+04     7.8848190000E+06     6767688          440606   0.0525   0.133
         9760   0.0000000000E+00  -2.1134858333E+04   6.4246650000E+04     7.9291770000E+06     6797967          443344   0.0525   0.134
         9780   0.0000000000E+00  -2.1445316389E+04   6.5084500000E+04     7.9710260000E+06     6823396          445608   0.0525   0.139
         9800   0.0000000000E+00  -2.1755377222E+04   6.5954300000E+04     8.0099390000E+06     6845738          449378   0.0524   0.149
         9820   0.0000000000E+00  -2.2042261944E+04   6.6864000000E+04     8.0478140000E+06     6867298          450957   0.0524   0.135
         9840   0.0000000000E+00  -2.2352239722E+04   6.7779050000E+04     8.0889400000E+06     6891413          452305   0.0524   0.136
         9860   0.0000000000E+00  -2.2679103056E+04   6.8691200000E+04     8.1299700000E+06     6916165          455835   0.0524   0.137
         9880   0.0000000000E+00  -2.2986101667E+04   6.9598000000E+04     8.1727200000E+06     6942550          456930   0.0524   0.137
         9900   0.0000000000E+00  -2.3278301944E+04   7.0546600000E+04     8.2142820000E+06     6967029          459472   0.0523   0.138
         9920   0.0000000000E+00  -2.3588438611E+04   7.1542200000E+04     8.2632120000E+06     6999798          463160   0.0523   0.139
         9940   0.0000000000E+00  -2.3893581111E+04   7.2568800000E+04     8.3102470000E+06     7030958          465411   0.0523   0.140
         9960   0.0000000000E+00  -2.4200265556E+04   7.3532150000E+04     8.3584280000E+06     7059981          469161   0.0523   0.141
         9980   0.0000000000E+00  -2.4532877778E+04   7.4513950000E+04     8.4010460000E+06     7086014          470629   0.0523   0.142
        10000   0.0000000000E+00  -2.4876500278E+04   7.5518250000E+04     8.4503620000E+06     7117307          473095   0.0523   0.142

 Load balancing
 ^^^^^^^^^^^^^^

 The final distribution of walkers and determinants across the processors was:

 Min # of particles on a processor:       2.544000E+05
 Max # of particles on a processor:       3.354660E+05
 Mean # of particles on a processor:      2.640738E+05

 Min # of determinants on a processor:   221128
 Max # of determinants on a processor:   223382
 Mean # of determinants on a processor:   2.224158E+05

 Min time taken by walker communication:        67.70s
 Max time taken by walker communication:        93.56s
 Mean time taken by walker communication:       88.88s

 ================================================================
 Finished running on 31/01/2016 at 19:03:19
 Wall time (seconds):                         690.17
 CPU time (per processor, seconds):           689.54
 ================================================================

