 Beta  Tr[Hp]/Tr[p]  Tr[Hp]/Tr[p]_error
 0.00     -0.514465            0.000091
 0.01     -0.652001            0.000181
 0.02     -0.790110            0.000237
 0.03     -0.928611            0.000304
 0.04     -1.067602            0.000375
 0.05     -1.206600            0.000443
 0.06     -1.346033            0.000494
 0.07     -1.486671            0.000529
 0.08     -1.627044            0.000600
 0.09     -1.767917            0.000677
 0.10     -1.908406            0.000765
 0.11     -2.049925            0.000799
 0.12     -2.191806            0.000884
 0.13     -2.334759            0.000949
 0.14     -2.478050            0.000952
 0.15     -2.621372            0.001062
 0.16     -2.764405            0.001102
 0.17     -2.908628            0.001155
 0.18     -3.053055            0.001328
 0.19     -3.197656            0.001410
 0.20     -3.342633            0.001483
 0.21     -3.487813            0.001629
 0.22     -3.633509            0.001761
 0.23     -3.779684            0.001894
 0.24     -3.925783            0.001996
 0.25     -4.072430            0.002070
 0.26     -4.218758            0.002154
 0.27     -4.365515            0.002251
 0.28     -4.512585            0.002427
 0.29     -4.659261            0.002618
 0.30     -4.806722            0.002857
 0.31     -4.953629            0.002985
 0.32     -5.101018            0.003176
 0.33     -5.248622            0.003498
 0.34     -5.395405            0.003705
 0.35     -5.543036            0.003913
 0.36     -5.691290            0.004209
 0.37     -5.838752            0.004488
 0.38     -5.986284            0.004749
 0.39     -6.133344            0.004987
 0.40     -6.281415            0.005160
 0.41     -6.427853            0.005473
 0.42     -6.576578            0.005792
 0.43     -6.724178            0.006106
 0.44     -6.871601            0.006407
 0.45     -7.018910            0.006700
 0.46     -7.165030            0.007096
 0.47     -7.312257            0.007498
 0.48     -7.459604            0.007909
 0.49     -7.606004            0.008304
 0.50     -7.751683            0.008846
 0.51     -7.898718            0.009459
 0.52     -8.044081            0.010096
 0.53     -8.190478            0.010775
 0.54     -8.336007            0.011357
 0.55     -8.481519            0.011980
 0.56     -8.627677            0.012777
 0.57     -8.771718            0.013437
 0.58     -8.915857            0.014108
 0.59     -9.060550            0.014908
 0.60     -9.204457            0.015722
 0.61     -9.348554            0.016593
 0.62     -9.491637            0.017587
 0.63     -9.634635            0.018566
 0.64     -9.777512            0.019654
 0.65     -9.919789            0.020705
 0.66    -10.061077            0.021930
 0.67    -10.201118            0.023298
 0.68    -10.340489            0.024633
 0.69    -10.479546            0.026064
 0.70    -10.617601            0.027616
 0.71    -10.755460            0.029123
 0.72    -10.892527            0.030537
 0.73    -11.029179            0.032000
 0.74    -11.164427            0.033547
 0.75    -11.299556            0.035145
 0.76    -11.434548            0.036773
 0.77    -11.567335            0.038620
 0.78    -11.700220            0.040454
 0.79    -11.831643            0.042257
 0.80    -11.963284            0.044140
 0.81    -12.095095            0.046061
 0.82    -12.224928            0.048205
 0.83    -12.354841            0.050086
 0.84    -12.483611            0.052115
 0.85    -12.612433            0.054292
 0.86    -12.739106            0.056510
 0.87    -12.866650            0.058655
 0.88    -12.992310            0.060669
 0.89    -13.115887            0.062804
 0.90    -13.238860            0.064936
 0.91    -13.361834            0.067032
 0.92    -13.484854            0.069116
 0.93    -13.604764            0.071186
 0.94    -13.724612            0.073283
 0.95    -13.843160            0.075419
 0.96    -13.961038            0.077339
 0.97    -14.077940            0.079073
 0.98    -14.192204            0.081011
 0.99    -14.306941            0.082763
 1.00    -14.420368            0.084295
 1.01    -14.532687            0.085826
 1.02    -14.644316            0.087190
 1.03    -14.755062            0.088546
 1.04    -14.864139            0.089755
 1.05    -14.971470            0.090799
 1.06    -15.078709            0.091835
 1.07    -15.183237            0.092772
 1.08    -15.287677            0.093585
 1.09    -15.393140            0.094392
 1.10    -15.494902            0.094991
 1.11    -15.596328            0.095457
 1.12    -15.696242            0.095730
 1.13    -15.793907            0.096149
 1.14    -15.894229            0.096360
 1.15    -15.991706            0.096479
 1.16    -16.088887            0.096601
 1.17    -16.184986            0.096748
 1.18    -16.278686            0.096537
 1.19    -16.373916            0.096443
 1.20    -16.467499            0.096209
 1.21    -16.561304            0.096198
 1.22    -16.653161            0.095976
 1.23    -16.744719            0.095840
 1.24    -16.833997            0.095714
 1.25    -16.921725            0.095493
 1.26    -17.010637            0.095420
 1.27    -17.101683            0.095301
 1.28    -17.189235            0.094942
 1.29    -17.275159            0.094698
 1.30    -17.359680            0.094308
 1.31    -17.446393            0.094016
 1.32    -17.529321            0.093596
 1.33    -17.611893            0.093193
 1.34    -17.696386            0.092792
 1.35    -17.779655            0.092446
 1.36    -17.860981            0.092000
 1.37    -17.941441            0.091466
 1.38    -18.023579            0.091150
 1.39    -18.102528            0.090677
 1.40    -18.183171            0.090238
 1.41    -18.260221            0.089893
 1.42    -18.339923            0.089418
 1.43    -18.420083            0.088967
 1.44    -18.496497            0.088762
 1.45    -18.574810            0.088528
 1.46    -18.650456            0.088136
 1.47    -18.728487            0.088003
 1.48    -18.801944            0.087725
 1.49    -18.878321            0.087391
 1.50    -18.952723            0.087197
 1.51    -19.027042            0.086840
 1.52    -19.099022            0.086262
 1.53    -19.172276            0.085592
 1.54    -19.244039            0.085476
 1.55    -19.316973            0.085249
 1.56    -19.389201            0.084908
 1.57    -19.460598            0.084474
 1.58    -19.530737            0.084308
 1.59    -19.599650            0.083859
 1.60    -19.669719            0.083336
 1.61    -19.740231            0.083075
 1.62    -19.805605            0.082728
 1.63    -19.872969            0.082329
 1.64    -19.938532            0.082117
 1.65    -20.004737            0.081854
 1.66    -20.072203            0.081531
 1.67    -20.138789            0.081017
 1.68    -20.202725            0.080974
 1.69    -20.262802            0.080701
 1.70    -20.328858            0.080246
 1.71    -20.392200            0.079561
 1.72    -20.451563            0.079426
 1.73    -20.519858            0.078935
 1.74    -20.580999            0.078754
 1.75    -20.643084            0.078433
 1.76    -20.701106            0.078236
 1.77    -20.764837            0.078227
 1.78    -20.824649            0.077779
 1.79    -20.880806            0.077646
 1.80    -20.941130            0.077296
 1.81    -21.000859            0.076648
 1.82    -21.059727            0.075963
 1.83    -21.113021            0.075513
 1.84    -21.170312            0.075134
 1.85    -21.222463            0.074749
 1.86    -21.277763            0.073813
 1.87    -21.330479            0.073475
 1.88    -21.383929            0.073007
 1.89    -21.437552            0.072592
 1.90    -21.490526            0.072323
 1.91    -21.543987            0.072171
 1.92    -21.598054            0.071851
 1.93    -21.647248            0.071295
 1.94    -21.693539            0.070825
 1.95    -21.743394            0.070361
 1.96    -21.792123            0.069916
 1.97    -21.841622            0.069224
 1.98    -21.888609            0.068858
 1.99    -21.932996            0.068789
 2.00    -21.977513            0.068418
 2.01    -22.021382            0.067626
 2.02    -22.067288            0.067434
 2.03    -22.109907            0.066780
 2.04    -22.154168            0.066196
 2.05    -22.191620            0.065901
 2.06    -22.232667            0.065256
 2.07    -22.274409            0.064841
 2.08    -22.309073            0.064451
 2.09    -22.344560            0.064020
 2.10    -22.384033            0.063231
 2.11    -22.425506            0.062455
 2.12    -22.467182            0.062034
 2.13    -22.503809            0.061273
 2.14    -22.539819            0.061072
 2.15    -22.575133            0.060357
 2.16    -22.607713            0.059629
 2.17    -22.637771            0.059588
 2.18    -22.670579            0.058975
 2.19    -22.702171            0.058047
 2.20    -22.736961            0.057232
 2.21    -22.774552            0.056583
 2.22    -22.808911            0.056012
 2.23    -22.836776            0.055758
 2.24    -22.866501            0.054381
 2.25    -22.893830            0.053422
 2.26    -22.923530            0.052737
 2.27    -22.954912            0.051909
 2.28    -22.984771            0.051496
 2.29    -23.015174            0.050541
 2.30    -23.039448            0.049172
 2.31    -23.069714            0.047873
 2.32    -23.095061            0.047427
 2.33    -23.118209            0.046724
 2.34    -23.142272            0.046064
 2.35    -23.165416            0.045300
 2.36    -23.193409            0.044943
 2.37    -23.212592            0.044227
 2.38    -23.233499            0.043553
 2.39    -23.251414            0.043625
 2.40    -23.273435            0.043422
 2.41    -23.301076            0.042662
 2.42    -23.325497            0.042113
 2.43    -23.348837            0.041230
 2.44    -23.367452            0.040670
 2.45    -23.386855            0.040177
 2.46    -23.401986            0.039533
 2.47    -23.422813            0.038916
 2.48    -23.444390            0.038038
 2.49    -23.464768            0.037662
 2.50    -23.484289            0.036761
 2.51    -23.505011            0.036709
 2.52    -23.521977            0.035165
 2.53    -23.546921            0.034064
 2.54    -23.561818            0.033700
 2.55    -23.580419            0.033184
 2.56    -23.595998            0.032636
 2.57    -23.613952            0.031938
 2.58    -23.630124            0.032497
 2.59    -23.645779            0.031454
 2.60    -23.659444            0.030493
 2.61    -23.672523            0.030223
 2.62    -23.681517            0.030107
 2.63    -23.701378            0.029214
 2.64    -23.715997            0.028907
 2.65    -23.725130            0.028591
 2.66    -23.738458            0.027917
 2.67    -23.752096            0.026874
 2.68    -23.760100            0.026626
 2.69    -23.769382            0.025994
 2.70    -23.781437            0.025349
 2.71    -23.795717            0.024997
 2.72    -23.808138            0.024791
 2.73    -23.812774            0.025066
 2.74    -23.820124            0.025006
 2.75    -23.831822            0.024367
 2.76    -23.841872            0.023309
 2.77    -23.854280            0.022874
 2.78    -23.868771            0.022578
 2.79    -23.877144            0.022354
 2.80    -23.887388            0.021474
 2.81    -23.893134            0.022090
 2.82    -23.896865            0.021330
 2.83    -23.913018            0.020809
 2.84    -23.925909            0.020255
 2.85    -23.939049            0.020438
 2.86    -23.948623            0.019900
 2.87    -23.952973            0.019388
 2.88    -23.963686            0.018760
 2.89    -23.973095            0.018862
 2.90    -23.976916            0.018894
 2.91    -23.987533            0.018750
 2.92    -23.998648            0.018664
 2.93    -24.009289            0.018100
 2.94    -24.016015            0.018603
 2.95    -24.023767            0.018111
 2.96    -24.034965            0.017566
 2.97    -24.039189            0.016661
 2.98    -24.047689            0.016450
 2.99    -24.061360            0.016162
 3.00    -24.063535            0.016437
 3.01    -24.066341            0.015827
 3.02    -24.076891            0.015241
 3.03    -24.079301            0.014852
 3.04    -24.084105            0.014653
 3.05    -24.091435            0.013979
 3.06    -24.096579            0.014142
 3.07    -24.096890            0.013354
 3.08    -24.100893            0.012678
 3.09    -24.108215            0.011996
 3.10    -24.116836            0.011941
 3.11    -24.128997            0.011913
 3.12    -24.133023            0.011579
 3.13    -24.140920            0.010955
 3.14    -24.148928            0.010861
 3.15    -24.147755            0.011717
 3.16    -24.154026            0.012057
 3.17    -24.158295            0.011378
 3.18    -24.161464            0.011632
 3.19    -24.166770            0.011402
 3.20    -24.172983            0.011097
 3.21    -24.178747            0.011077
 3.22    -24.186403            0.010564
 3.23    -24.193664            0.010861
 3.24    -24.190665            0.010500
 3.25    -24.189893            0.010786
 3.26    -24.196627            0.010455
 3.27    -24.206075            0.009791
 3.28    -24.215999            0.009422
 3.29    -24.225490            0.009351
 3.30    -24.223591            0.009443
 3.31    -24.223620            0.009943
 3.32    -24.223005            0.010284
 3.33    -24.216650            0.010643
 3.34    -24.219701            0.010632
 3.35    -24.220554            0.010592
 3.36    -24.218907            0.010682
 3.37    -24.214459            0.011015
 3.38    -24.218883            0.011437
 3.39    -24.217706            0.011091
 3.40    -24.221352            0.011049
 3.41    -24.224737            0.010723
 3.42    -24.227077            0.010643
 3.43    -24.231977            0.010592
 3.44    -24.239004            0.010293
 3.45    -24.241095            0.010742
 3.46    -24.241584            0.010033
 3.47    -24.248921            0.010168
 3.48    -24.259507            0.010221
 3.49    -24.259057            0.010271
 3.50    -24.262331            0.009971
 3.51    -24.261194            0.009994
 3.52    -24.261359            0.010215
 3.53    -24.259798            0.010484
 3.54    -24.258215            0.010786
 3.55    -24.259364            0.010974
 3.56    -24.264412            0.009928
 3.57    -24.262263            0.009510
 3.58    -24.265635            0.009693
 3.59    -24.268239            0.009441
 3.60    -24.271546            0.009374
 3.61    -24.273550            0.009254
 3.62    -24.274032            0.009468
 3.63    -24.270885            0.009224
 3.64    -24.273720            0.009380
 3.65    -24.275668            0.009003
 3.66    -24.277549            0.009240
 3.67    -24.279195            0.008975
 3.68    -24.282197            0.008539
 3.69    -24.281596            0.008028
 3.70    -24.285582            0.007482
 3.71    -24.290348            0.007901
 3.72    -24.283733            0.007900
 3.73    -24.280991            0.008200
 3.74    -24.287628            0.007990
 3.75    -24.287255            0.008306
 3.76    -24.295032            0.008611
 3.77    -24.297193            0.008529
 3.78    -24.299821            0.008681
 3.79    -24.302804            0.008403
 3.80    -24.307285            0.008752
 3.81    -24.312532            0.008782
 3.82    -24.316336            0.008969
 3.83    -24.314062            0.009319
 3.84    -24.314322            0.009086
 3.85    -24.311634            0.008938
 3.86    -24.317883            0.009210
 3.87    -24.323254            0.009027
 3.88    -24.323467            0.009320
 3.89    -24.327262            0.008950
 3.90    -24.329046            0.008544
 3.91    -24.326378            0.008721
 3.92    -24.330205            0.009017
 3.93    -24.329109            0.009170
 3.94    -24.333530            0.008984
 3.95    -24.337038            0.009482
 3.96    -24.335782            0.010108
 3.97    -24.336279            0.009511
 3.98    -24.343372            0.009841
 3.99    -24.342962            0.009176
 4.00    -24.346546            0.009413
 4.01    -24.338641            0.008750
 4.02    -24.334682            0.008802
 4.03    -24.336572            0.008766
 4.04    -24.344429            0.009063
 4.05    -24.346550            0.008997
 4.06    -24.344221            0.008660
 4.07    -24.343430            0.008215
 4.08    -24.347975            0.008356
 4.09    -24.349210            0.007539
 4.10    -24.350719            0.007855
 4.11    -24.350877            0.008649
 4.12    -24.352868            0.008304
 4.13    -24.350906            0.008613
 4.14    -24.351486            0.008867
 4.15    -24.347986            0.009095
 4.16    -24.346087            0.008810
 4.17    -24.347394            0.009396
 4.18    -24.348730            0.008940
 4.19    -24.350360            0.008748
 4.20    -24.348424            0.009112
 4.21    -24.351158            0.009547
 4.22    -24.345904            0.009343
 4.23    -24.347204            0.009408
 4.24    -24.350969            0.009640
 4.25    -24.352540            0.009946
 4.26    -24.357140            0.010118
 4.27    -24.362204            0.010112
 4.28    -24.363571            0.010617
 4.29    -24.365848            0.010800
 4.30    -24.371568            0.011099
 4.31    -24.371792            0.010660
 4.32    -24.368810            0.010271
 4.33    -24.364751            0.010248
 4.34    -24.367401            0.009685
 4.35    -24.372458            0.010194
 4.36    -24.373122            0.009822
 4.37    -24.367497            0.009484
 4.38    -24.370757            0.009327
 4.39    -24.368179            0.009071
 4.40    -24.365745            0.008837
 4.41    -24.368604            0.009301
 4.42    -24.369927            0.009048
 4.43    -24.364125            0.008680
 4.44    -24.368876            0.008557
 4.45    -24.371689            0.008708
 4.46    -24.374021            0.008744
 4.47    -24.369847            0.008779
 4.48    -24.373835            0.008977
 4.49    -24.375464            0.008903
 4.50    -24.376979            0.009130
 4.51    -24.379015            0.008982
 4.52    -24.378620            0.009129
 4.53    -24.372302            0.009357
 4.54    -24.368270            0.009729
 4.55    -24.367793            0.009820
 4.56    -24.365043            0.010148
 4.57    -24.370062            0.010358
 4.58    -24.372414            0.010247
 4.59    -24.370966            0.010234
 4.60    -24.375349            0.010535
 4.61    -24.378526            0.010106
 4.62    -24.378122            0.009509
 4.63    -24.376800            0.008978
 4.64    -24.381448            0.008930
 4.65    -24.380552            0.008932
 4.66    -24.381890            0.009126
 4.67    -24.382606            0.009429
 4.68    -24.383271            0.009185
 4.69    -24.383033            0.009362
 4.70    -24.381354            0.009393
 4.71    -24.376831            0.009458
 4.72    -24.386412            0.009627
 4.73    -24.385951            0.009452
 4.74    -24.386756            0.009820
 4.75    -24.389316            0.009268
 4.76    -24.392976            0.009948
 4.77    -24.390282            0.010247
 4.78    -24.386087            0.010570
 4.79    -24.388536            0.010058
 4.80    -24.397152            0.010476
 4.81    -24.390867            0.010618
 4.82    -24.393272            0.010462
 4.83    -24.391636            0.010669
 4.84    -24.393101            0.010291
 4.85    -24.389552            0.009931
 4.86    -24.392848            0.009649
 4.87    -24.389409            0.009531
 4.88    -24.389567            0.009062
 4.89    -24.383783            0.008639
 4.90    -24.380974            0.008610
 4.91    -24.382537            0.008434
 4.92    -24.383442            0.008040
 4.93    -24.381348            0.007918
 4.94    -24.384224            0.007956
 4.95    -24.385212            0.008014
 4.96    -24.378833            0.008810
 4.97    -24.379324            0.008938
 4.98    -24.377592            0.008933
 4.99    -24.377083            0.009005
 5.00    -24.373694            0.008739
